{"/Users/fab/GitHub/navigator/packages/core/src/AppState.ts": {"path":"/Users/fab/GitHub/navigator/packages/core/src/AppState.ts","all":false,"statementMap":{"0":{"start":{"line":1,"column":0},"end":{"line":1,"column":3}},"1":{"start":{"line":2,"column":0},"end":{"line":2,"column":56}},"2":{"start":{"line":3,"column":0},"end":{"line":3,"column":3}},"3":{"start":{"line":4,"column":0},"end":{"line":4,"column":71}},"4":{"start":{"line":5,"column":0},"end":{"line":5,"column":61}},"5":{"start":{"line":6,"column":0},"end":{"line":6,"column":3}},"6":{"start":{"line":7,"column":0},"end":{"line":7,"column":12}},"7":{"start":{"line":8,"column":0},"end":{"line":8,"column":43}},"8":{"start":{"line":9,"column":0},"end":{"line":9,"column":46}},"9":{"start":{"line":10,"column":0},"end":{"line":10,"column":44}},"10":{"start":{"line":11,"column":0},"end":{"line":11,"column":24}},"11":{"start":{"line":12,"column":0},"end":{"line":12,"column":22}},"12":{"start":{"line":13,"column":0},"end":{"line":13,"column":3}},"13":{"start":{"line":14,"column":0},"end":{"line":14,"column":0}},"14":{"start":{"line":15,"column":0},"end":{"line":15,"column":38}},"15":{"start":{"line":16,"column":0},"end":{"line":16,"column":0}},"16":{"start":{"line":17,"column":0},"end":{"line":17,"column":3}},"17":{"start":{"line":18,"column":0},"end":{"line":18,"column":64}},"18":{"start":{"line":19,"column":0},"end":{"line":19,"column":3}},"19":{"start":{"line":20,"column":0},"end":{"line":20,"column":30}},"20":{"start":{"line":21,"column":0},"end":{"line":21,"column":66}},"21":{"start":{"line":22,"column":0},"end":{"line":22,"column":2}},"22":{"start":{"line":23,"column":0},"end":{"line":23,"column":0}},"23":{"start":{"line":24,"column":0},"end":{"line":24,"column":3}},"24":{"start":{"line":25,"column":0},"end":{"line":25,"column":28}},"25":{"start":{"line":26,"column":0},"end":{"line":26,"column":3}},"26":{"start":{"line":27,"column":0},"end":{"line":27,"column":33}},"27":{"start":{"line":28,"column":0},"end":{"line":28,"column":15}},"28":{"start":{"line":29,"column":0},"end":{"line":29,"column":25}},"29":{"start":{"line":30,"column":0},"end":{"line":30,"column":24}},"30":{"start":{"line":31,"column":0},"end":{"line":31,"column":22}},"31":{"start":{"line":32,"column":0},"end":{"line":32,"column":29}},"32":{"start":{"line":33,"column":0},"end":{"line":33,"column":23}},"33":{"start":{"line":34,"column":0},"end":{"line":34,"column":29}},"34":{"start":{"line":35,"column":0},"end":{"line":35,"column":4}},"35":{"start":{"line":36,"column":0},"end":{"line":36,"column":9}},"36":{"start":{"line":37,"column":0},"end":{"line":37,"column":18}},"37":{"start":{"line":38,"column":0},"end":{"line":38,"column":29}},"38":{"start":{"line":39,"column":0},"end":{"line":39,"column":28}},"39":{"start":{"line":40,"column":0},"end":{"line":40,"column":29}},"40":{"start":{"line":41,"column":0},"end":{"line":41,"column":27}},"41":{"start":{"line":42,"column":0},"end":{"line":42,"column":4}},"42":{"start":{"line":43,"column":0},"end":{"line":43,"column":11}},"43":{"start":{"line":44,"column":0},"end":{"line":44,"column":20}},"44":{"start":{"line":45,"column":0},"end":{"line":45,"column":33}},"45":{"start":{"line":46,"column":0},"end":{"line":46,"column":26}},"46":{"start":{"line":47,"column":0},"end":{"line":47,"column":26}},"47":{"start":{"line":48,"column":0},"end":{"line":48,"column":28}},"48":{"start":{"line":49,"column":0},"end":{"line":49,"column":47}},"49":{"start":{"line":50,"column":0},"end":{"line":50,"column":4}},"50":{"start":{"line":51,"column":0},"end":{"line":51,"column":7}},"51":{"start":{"line":52,"column":0},"end":{"line":52,"column":32}},"52":{"start":{"line":53,"column":0},"end":{"line":53,"column":24}},"53":{"start":{"line":54,"column":0},"end":{"line":54,"column":34}},"54":{"start":{"line":55,"column":0},"end":{"line":55,"column":31}},"55":{"start":{"line":56,"column":0},"end":{"line":56,"column":4}},"56":{"start":{"line":57,"column":0},"end":{"line":57,"column":10}},"57":{"start":{"line":58,"column":0},"end":{"line":58,"column":31}},"58":{"start":{"line":59,"column":0},"end":{"line":59,"column":28}},"59":{"start":{"line":60,"column":0},"end":{"line":60,"column":29}},"60":{"start":{"line":61,"column":0},"end":{"line":61,"column":28}},"61":{"start":{"line":62,"column":0},"end":{"line":62,"column":26}},"62":{"start":{"line":63,"column":0},"end":{"line":63,"column":4}},"63":{"start":{"line":64,"column":0},"end":{"line":64,"column":16}},"64":{"start":{"line":65,"column":0},"end":{"line":65,"column":16}},"65":{"start":{"line":66,"column":0},"end":{"line":66,"column":26}},"66":{"start":{"line":67,"column":0},"end":{"line":67,"column":23}},"67":{"start":{"line":68,"column":0},"end":{"line":68,"column":23}},"68":{"start":{"line":69,"column":0},"end":{"line":69,"column":4}},"69":{"start":{"line":70,"column":0},"end":{"line":70,"column":31}},"70":{"start":{"line":71,"column":0},"end":{"line":71,"column":1}},"71":{"start":{"line":72,"column":0},"end":{"line":72,"column":0}},"72":{"start":{"line":73,"column":0},"end":{"line":73,"column":3}},"73":{"start":{"line":74,"column":0},"end":{"line":74,"column":27}},"74":{"start":{"line":75,"column":0},"end":{"line":75,"column":3}},"75":{"start":{"line":76,"column":0},"end":{"line":76,"column":37}},"76":{"start":{"line":77,"column":0},"end":{"line":77,"column":24}},"77":{"start":{"line":78,"column":0},"end":{"line":78,"column":23}},"78":{"start":{"line":79,"column":0},"end":{"line":79,"column":24}},"79":{"start":{"line":80,"column":0},"end":{"line":80,"column":1}},"80":{"start":{"line":81,"column":0},"end":{"line":81,"column":0}},"81":{"start":{"line":82,"column":0},"end":{"line":82,"column":3}},"82":{"start":{"line":83,"column":0},"end":{"line":83,"column":25}},"83":{"start":{"line":84,"column":0},"end":{"line":84,"column":3}},"84":{"start":{"line":85,"column":0},"end":{"line":85,"column":47}},"85":{"start":{"line":86,"column":0},"end":{"line":86,"column":0}},"86":{"start":{"line":87,"column":0},"end":{"line":87,"column":3}},"87":{"start":{"line":88,"column":0},"end":{"line":88,"column":23}},"88":{"start":{"line":89,"column":0},"end":{"line":89,"column":3}},"89":{"start":{"line":90,"column":0},"end":{"line":90,"column":27}},"90":{"start":{"line":91,"column":0},"end":{"line":91,"column":26}},"91":{"start":{"line":92,"column":0},"end":{"line":92,"column":19}},"92":{"start":{"line":93,"column":0},"end":{"line":93,"column":36}},"93":{"start":{"line":94,"column":0},"end":{"line":94,"column":18}},"94":{"start":{"line":95,"column":0},"end":{"line":95,"column":1}},"95":{"start":{"line":96,"column":0},"end":{"line":96,"column":0}},"96":{"start":{"line":97,"column":0},"end":{"line":97,"column":23}},"97":{"start":{"line":98,"column":0},"end":{"line":98,"column":29}},"98":{"start":{"line":99,"column":0},"end":{"line":99,"column":32}},"99":{"start":{"line":100,"column":0},"end":{"line":100,"column":41}},"100":{"start":{"line":101,"column":0},"end":{"line":101,"column":33}},"101":{"start":{"line":102,"column":0},"end":{"line":102,"column":38}},"102":{"start":{"line":103,"column":0},"end":{"line":103,"column":54}},"103":{"start":{"line":104,"column":0},"end":{"line":104,"column":0}},"104":{"start":{"line":105,"column":0},"end":{"line":105,"column":83}},"105":{"start":{"line":106,"column":0},"end":{"line":106,"column":55}},"106":{"start":{"line":107,"column":0},"end":{"line":107,"column":64}},"107":{"start":{"line":108,"column":0},"end":{"line":108,"column":5}},"108":{"start":{"line":109,"column":0},"end":{"line":109,"column":0}},"109":{"start":{"line":110,"column":0},"end":{"line":110,"column":29}},"110":{"start":{"line":111,"column":0},"end":{"line":111,"column":41}},"111":{"start":{"line":112,"column":0},"end":{"line":112,"column":27}},"112":{"start":{"line":113,"column":0},"end":{"line":113,"column":29}},"113":{"start":{"line":114,"column":0},"end":{"line":114,"column":30}},"114":{"start":{"line":115,"column":0},"end":{"line":115,"column":0}},"115":{"start":{"line":116,"column":0},"end":{"line":116,"column":39}},"116":{"start":{"line":117,"column":0},"end":{"line":117,"column":45}},"117":{"start":{"line":118,"column":0},"end":{"line":118,"column":36}},"118":{"start":{"line":119,"column":0},"end":{"line":119,"column":0}},"119":{"start":{"line":120,"column":0},"end":{"line":120,"column":26}},"120":{"start":{"line":121,"column":0},"end":{"line":121,"column":63}},"121":{"start":{"line":122,"column":0},"end":{"line":122,"column":72}},"122":{"start":{"line":123,"column":0},"end":{"line":123,"column":5}},"123":{"start":{"line":124,"column":0},"end":{"line":124,"column":3}},"124":{"start":{"line":125,"column":0},"end":{"line":125,"column":0}},"125":{"start":{"line":126,"column":0},"end":{"line":126,"column":5}},"126":{"start":{"line":127,"column":0},"end":{"line":127,"column":30}},"127":{"start":{"line":128,"column":0},"end":{"line":128,"column":5}},"128":{"start":{"line":129,"column":0},"end":{"line":129,"column":46}},"129":{"start":{"line":130,"column":0},"end":{"line":130,"column":12}},"130":{"start":{"line":131,"column":0},"end":{"line":131,"column":19}},"131":{"start":{"line":132,"column":0},"end":{"line":132,"column":24}},"132":{"start":{"line":133,"column":0},"end":{"line":133,"column":23}},"133":{"start":{"line":134,"column":0},"end":{"line":134,"column":27}},"134":{"start":{"line":135,"column":0},"end":{"line":135,"column":28}},"135":{"start":{"line":136,"column":0},"end":{"line":136,"column":22}},"136":{"start":{"line":137,"column":0},"end":{"line":137,"column":30}},"137":{"start":{"line":138,"column":0},"end":{"line":138,"column":8}},"138":{"start":{"line":139,"column":0},"end":{"line":139,"column":13}},"139":{"start":{"line":140,"column":0},"end":{"line":140,"column":17}},"140":{"start":{"line":141,"column":0},"end":{"line":141,"column":28}},"141":{"start":{"line":142,"column":0},"end":{"line":142,"column":27}},"142":{"start":{"line":143,"column":0},"end":{"line":143,"column":28}},"143":{"start":{"line":144,"column":0},"end":{"line":144,"column":24}},"144":{"start":{"line":145,"column":0},"end":{"line":145,"column":8}},"145":{"start":{"line":146,"column":0},"end":{"line":146,"column":15}},"146":{"start":{"line":147,"column":0},"end":{"line":147,"column":22}},"147":{"start":{"line":148,"column":0},"end":{"line":148,"column":28}},"148":{"start":{"line":149,"column":0},"end":{"line":149,"column":28}},"149":{"start":{"line":150,"column":0},"end":{"line":150,"column":28}},"150":{"start":{"line":151,"column":0},"end":{"line":151,"column":30}},"151":{"start":{"line":152,"column":0},"end":{"line":152,"column":31}},"152":{"start":{"line":153,"column":0},"end":{"line":153,"column":8}},"153":{"start":{"line":154,"column":0},"end":{"line":154,"column":11}},"154":{"start":{"line":155,"column":0},"end":{"line":155,"column":33}},"155":{"start":{"line":156,"column":0},"end":{"line":156,"column":26}},"156":{"start":{"line":157,"column":0},"end":{"line":157,"column":29}},"157":{"start":{"line":158,"column":0},"end":{"line":158,"column":32}},"158":{"start":{"line":159,"column":0},"end":{"line":159,"column":8}},"159":{"start":{"line":160,"column":0},"end":{"line":160,"column":14}},"160":{"start":{"line":161,"column":0},"end":{"line":161,"column":26}},"161":{"start":{"line":162,"column":0},"end":{"line":162,"column":27}},"162":{"start":{"line":163,"column":0},"end":{"line":163,"column":30}},"163":{"start":{"line":164,"column":0},"end":{"line":164,"column":29}},"164":{"start":{"line":165,"column":0},"end":{"line":165,"column":27}},"165":{"start":{"line":166,"column":0},"end":{"line":166,"column":8}},"166":{"start":{"line":167,"column":0},"end":{"line":167,"column":20}},"167":{"start":{"line":168,"column":0},"end":{"line":168,"column":15}},"168":{"start":{"line":169,"column":0},"end":{"line":169,"column":25}},"169":{"start":{"line":170,"column":0},"end":{"line":170,"column":23}},"170":{"start":{"line":171,"column":0},"end":{"line":171,"column":21}},"171":{"start":{"line":172,"column":0},"end":{"line":172,"column":8}},"172":{"start":{"line":173,"column":0},"end":{"line":173,"column":17}},"173":{"start":{"line":174,"column":0},"end":{"line":174,"column":6}},"174":{"start":{"line":175,"column":0},"end":{"line":175,"column":3}},"175":{"start":{"line":176,"column":0},"end":{"line":176,"column":0}},"176":{"start":{"line":177,"column":0},"end":{"line":177,"column":5}},"177":{"start":{"line":178,"column":0},"end":{"line":178,"column":51}},"178":{"start":{"line":179,"column":0},"end":{"line":179,"column":50}},"179":{"start":{"line":180,"column":0},"end":{"line":180,"column":56}},"180":{"start":{"line":181,"column":0},"end":{"line":181,"column":25}},"181":{"start":{"line":182,"column":0},"end":{"line":182,"column":5}},"182":{"start":{"line":183,"column":0},"end":{"line":183,"column":51}},"183":{"start":{"line":184,"column":0},"end":{"line":184,"column":33}},"184":{"start":{"line":185,"column":0},"end":{"line":185,"column":32}},"185":{"start":{"line":186,"column":0},"end":{"line":186,"column":0}},"186":{"start":{"line":187,"column":0},"end":{"line":187,"column":29}},"187":{"start":{"line":188,"column":0},"end":{"line":188,"column":63}},"188":{"start":{"line":189,"column":0},"end":{"line":189,"column":27}},"189":{"start":{"line":190,"column":0},"end":{"line":190,"column":14}},"190":{"start":{"line":191,"column":0},"end":{"line":191,"column":33}},"191":{"start":{"line":192,"column":0},"end":{"line":192,"column":7}},"192":{"start":{"line":193,"column":0},"end":{"line":193,"column":5}},"193":{"start":{"line":194,"column":0},"end":{"line":194,"column":0}},"194":{"start":{"line":195,"column":0},"end":{"line":195,"column":22}},"195":{"start":{"line":196,"column":0},"end":{"line":196,"column":3}},"196":{"start":{"line":197,"column":0},"end":{"line":197,"column":0}},"197":{"start":{"line":198,"column":0},"end":{"line":198,"column":5}},"198":{"start":{"line":199,"column":0},"end":{"line":199,"column":63}},"199":{"start":{"line":200,"column":0},"end":{"line":200,"column":57}},"200":{"start":{"line":201,"column":0},"end":{"line":201,"column":52}},"201":{"start":{"line":202,"column":0},"end":{"line":202,"column":57}},"202":{"start":{"line":203,"column":0},"end":{"line":203,"column":5}},"203":{"start":{"line":204,"column":0},"end":{"line":204,"column":115}},"204":{"start":{"line":205,"column":0},"end":{"line":205,"column":53}},"205":{"start":{"line":206,"column":0},"end":{"line":206,"column":0}},"206":{"start":{"line":207,"column":0},"end":{"line":207,"column":45}},"207":{"start":{"line":208,"column":0},"end":{"line":208,"column":44}},"208":{"start":{"line":209,"column":0},"end":{"line":209,"column":57}},"209":{"start":{"line":210,"column":0},"end":{"line":210,"column":12}},"210":{"start":{"line":211,"column":0},"end":{"line":211,"column":30}},"211":{"start":{"line":212,"column":0},"end":{"line":212,"column":5}},"212":{"start":{"line":213,"column":0},"end":{"line":213,"column":0}},"213":{"start":{"line":214,"column":0},"end":{"line":214,"column":65}},"214":{"start":{"line":215,"column":0},"end":{"line":215,"column":0}},"215":{"start":{"line":216,"column":0},"end":{"line":216,"column":20}},"216":{"start":{"line":217,"column":0},"end":{"line":217,"column":16}},"217":{"start":{"line":218,"column":0},"end":{"line":218,"column":81}},"218":{"start":{"line":219,"column":0},"end":{"line":219,"column":12}},"219":{"start":{"line":220,"column":0},"end":{"line":220,"column":67}},"220":{"start":{"line":221,"column":0},"end":{"line":221,"column":5}},"221":{"start":{"line":222,"column":0},"end":{"line":222,"column":0}},"222":{"start":{"line":223,"column":0},"end":{"line":223,"column":21}},"223":{"start":{"line":224,"column":0},"end":{"line":224,"column":38}},"224":{"start":{"line":225,"column":0},"end":{"line":225,"column":0}},"225":{"start":{"line":226,"column":0},"end":{"line":226,"column":25}},"226":{"start":{"line":227,"column":0},"end":{"line":227,"column":18}},"227":{"start":{"line":228,"column":0},"end":{"line":228,"column":65}},"228":{"start":{"line":229,"column":0},"end":{"line":229,"column":5}},"229":{"start":{"line":230,"column":0},"end":{"line":230,"column":0}},"230":{"start":{"line":231,"column":0},"end":{"line":231,"column":20}},"231":{"start":{"line":232,"column":0},"end":{"line":232,"column":32}},"232":{"start":{"line":233,"column":0},"end":{"line":233,"column":0}},"233":{"start":{"line":234,"column":0},"end":{"line":234,"column":33}},"234":{"start":{"line":235,"column":0},"end":{"line":235,"column":37}},"235":{"start":{"line":236,"column":0},"end":{"line":236,"column":3}},"236":{"start":{"line":237,"column":0},"end":{"line":237,"column":0}},"237":{"start":{"line":238,"column":0},"end":{"line":238,"column":5}},"238":{"start":{"line":239,"column":0},"end":{"line":239,"column":44}},"239":{"start":{"line":240,"column":0},"end":{"line":240,"column":38}},"240":{"start":{"line":241,"column":0},"end":{"line":241,"column":39}},"241":{"start":{"line":242,"column":0},"end":{"line":242,"column":30}},"242":{"start":{"line":243,"column":0},"end":{"line":243,"column":5}},"243":{"start":{"line":244,"column":0},"end":{"line":244,"column":62}},"244":{"start":{"line":245,"column":0},"end":{"line":245,"column":35}},"245":{"start":{"line":246,"column":0},"end":{"line":246,"column":41}},"246":{"start":{"line":247,"column":0},"end":{"line":247,"column":5}},"247":{"start":{"line":248,"column":0},"end":{"line":248,"column":43}},"248":{"start":{"line":249,"column":0},"end":{"line":249,"column":0}},"249":{"start":{"line":250,"column":0},"end":{"line":250,"column":30}},"250":{"start":{"line":251,"column":0},"end":{"line":251,"column":18}},"251":{"start":{"line":252,"column":0},"end":{"line":252,"column":47}},"252":{"start":{"line":253,"column":0},"end":{"line":253,"column":21}},"253":{"start":{"line":254,"column":0},"end":{"line":254,"column":34}},"254":{"start":{"line":255,"column":0},"end":{"line":255,"column":7}},"255":{"start":{"line":256,"column":0},"end":{"line":256,"column":6}},"256":{"start":{"line":257,"column":0},"end":{"line":257,"column":3}},"257":{"start":{"line":258,"column":0},"end":{"line":258,"column":0}},"258":{"start":{"line":259,"column":0},"end":{"line":259,"column":5}},"259":{"start":{"line":260,"column":0},"end":{"line":260,"column":38}},"260":{"start":{"line":261,"column":0},"end":{"line":261,"column":32}},"261":{"start":{"line":262,"column":0},"end":{"line":262,"column":5}},"262":{"start":{"line":263,"column":0},"end":{"line":263,"column":30}},"263":{"start":{"line":264,"column":0},"end":{"line":264,"column":50}},"264":{"start":{"line":265,"column":0},"end":{"line":265,"column":3}},"265":{"start":{"line":266,"column":0},"end":{"line":266,"column":0}},"266":{"start":{"line":267,"column":0},"end":{"line":267,"column":5}},"267":{"start":{"line":268,"column":0},"end":{"line":268,"column":27}},"268":{"start":{"line":269,"column":0},"end":{"line":269,"column":38}},"269":{"start":{"line":270,"column":0},"end":{"line":270,"column":5}},"270":{"start":{"line":271,"column":0},"end":{"line":271,"column":31}},"271":{"start":{"line":272,"column":0},"end":{"line":272,"column":37}},"272":{"start":{"line":273,"column":0},"end":{"line":273,"column":41}},"273":{"start":{"line":274,"column":0},"end":{"line":274,"column":0}},"274":{"start":{"line":275,"column":0},"end":{"line":275,"column":18}},"275":{"start":{"line":276,"column":0},"end":{"line":276,"column":41}},"276":{"start":{"line":277,"column":0},"end":{"line":277,"column":22}},"277":{"start":{"line":278,"column":0},"end":{"line":278,"column":26}},"278":{"start":{"line":279,"column":0},"end":{"line":279,"column":9}},"279":{"start":{"line":280,"column":0},"end":{"line":280,"column":5}},"280":{"start":{"line":281,"column":0},"end":{"line":281,"column":3}},"281":{"start":{"line":282,"column":0},"end":{"line":282,"column":0}},"282":{"start":{"line":283,"column":0},"end":{"line":283,"column":5}},"283":{"start":{"line":284,"column":0},"end":{"line":284,"column":22}},"284":{"start":{"line":285,"column":0},"end":{"line":285,"column":41}},"285":{"start":{"line":286,"column":0},"end":{"line":286,"column":27}},"286":{"start":{"line":287,"column":0},"end":{"line":287,"column":5}},"287":{"start":{"line":288,"column":0},"end":{"line":288,"column":44}},"288":{"start":{"line":289,"column":0},"end":{"line":289,"column":45}},"289":{"start":{"line":290,"column":0},"end":{"line":290,"column":3}},"290":{"start":{"line":291,"column":0},"end":{"line":291,"column":0}},"291":{"start":{"line":292,"column":0},"end":{"line":292,"column":5}},"292":{"start":{"line":293,"column":0},"end":{"line":293,"column":41}},"293":{"start":{"line":294,"column":0},"end":{"line":294,"column":50}},"294":{"start":{"line":295,"column":0},"end":{"line":295,"column":5}},"295":{"start":{"line":296,"column":0},"end":{"line":296,"column":35}},"296":{"start":{"line":297,"column":0},"end":{"line":297,"column":64}},"297":{"start":{"line":298,"column":0},"end":{"line":298,"column":67}},"298":{"start":{"line":299,"column":0},"end":{"line":299,"column":13}},"299":{"start":{"line":300,"column":0},"end":{"line":300,"column":5}},"300":{"start":{"line":301,"column":0},"end":{"line":301,"column":0}},"301":{"start":{"line":302,"column":0},"end":{"line":302,"column":57}},"302":{"start":{"line":303,"column":0},"end":{"line":303,"column":57}},"303":{"start":{"line":304,"column":0},"end":{"line":304,"column":0}},"304":{"start":{"line":305,"column":0},"end":{"line":305,"column":44}},"305":{"start":{"line":306,"column":0},"end":{"line":306,"column":16}},"306":{"start":{"line":307,"column":0},"end":{"line":307,"column":24}},"307":{"start":{"line":308,"column":0},"end":{"line":308,"column":24}},"308":{"start":{"line":309,"column":0},"end":{"line":309,"column":7}},"309":{"start":{"line":310,"column":0},"end":{"line":310,"column":3}},"310":{"start":{"line":311,"column":0},"end":{"line":311,"column":0}},"311":{"start":{"line":312,"column":0},"end":{"line":312,"column":5}},"312":{"start":{"line":313,"column":0},"end":{"line":313,"column":34}},"313":{"start":{"line":314,"column":0},"end":{"line":314,"column":29}},"314":{"start":{"line":315,"column":0},"end":{"line":315,"column":5}},"315":{"start":{"line":316,"column":0},"end":{"line":316,"column":42}},"316":{"start":{"line":317,"column":0},"end":{"line":317,"column":9}},"317":{"start":{"line":318,"column":0},"end":{"line":318,"column":65}},"318":{"start":{"line":319,"column":0},"end":{"line":319,"column":69}},"319":{"start":{"line":320,"column":0},"end":{"line":320,"column":7}},"320":{"start":{"line":321,"column":0},"end":{"line":321,"column":21}},"321":{"start":{"line":322,"column":0},"end":{"line":322,"column":69}},"322":{"start":{"line":323,"column":0},"end":{"line":323,"column":5}},"323":{"start":{"line":324,"column":0},"end":{"line":324,"column":3}},"324":{"start":{"line":325,"column":0},"end":{"line":325,"column":0}},"325":{"start":{"line":326,"column":0},"end":{"line":326,"column":5}},"326":{"start":{"line":327,"column":0},"end":{"line":327,"column":36}},"327":{"start":{"line":328,"column":0},"end":{"line":328,"column":29}},"328":{"start":{"line":329,"column":0},"end":{"line":329,"column":44}},"329":{"start":{"line":330,"column":0},"end":{"line":330,"column":5}},"330":{"start":{"line":331,"column":0},"end":{"line":331,"column":45}},"331":{"start":{"line":332,"column":0},"end":{"line":332,"column":9}},"332":{"start":{"line":333,"column":0},"end":{"line":333,"column":65}},"333":{"start":{"line":334,"column":0},"end":{"line":334,"column":55}},"334":{"start":{"line":335,"column":0},"end":{"line":335,"column":20}},"335":{"start":{"line":336,"column":0},"end":{"line":336,"column":50}},"336":{"start":{"line":337,"column":0},"end":{"line":337,"column":68}},"337":{"start":{"line":338,"column":0},"end":{"line":338,"column":48}},"338":{"start":{"line":339,"column":0},"end":{"line":339,"column":31}},"339":{"start":{"line":340,"column":0},"end":{"line":340,"column":15}},"340":{"start":{"line":341,"column":0},"end":{"line":341,"column":13}},"341":{"start":{"line":342,"column":0},"end":{"line":342,"column":22}},"342":{"start":{"line":343,"column":0},"end":{"line":343,"column":9}},"343":{"start":{"line":344,"column":0},"end":{"line":344,"column":7}},"344":{"start":{"line":345,"column":0},"end":{"line":345,"column":21}},"345":{"start":{"line":346,"column":0},"end":{"line":346,"column":72}},"346":{"start":{"line":347,"column":0},"end":{"line":347,"column":5}},"347":{"start":{"line":348,"column":0},"end":{"line":348,"column":17}},"348":{"start":{"line":349,"column":0},"end":{"line":349,"column":3}},"349":{"start":{"line":350,"column":0},"end":{"line":350,"column":0}},"350":{"start":{"line":351,"column":0},"end":{"line":351,"column":45}},"351":{"start":{"line":352,"column":0},"end":{"line":352,"column":20}},"352":{"start":{"line":353,"column":0},"end":{"line":353,"column":45}},"353":{"start":{"line":354,"column":0},"end":{"line":354,"column":0}},"354":{"start":{"line":355,"column":0},"end":{"line":355,"column":80}},"355":{"start":{"line":356,"column":0},"end":{"line":356,"column":33}},"356":{"start":{"line":357,"column":0},"end":{"line":357,"column":27}},"357":{"start":{"line":358,"column":0},"end":{"line":358,"column":25}},"358":{"start":{"line":359,"column":0},"end":{"line":359,"column":0}},"359":{"start":{"line":360,"column":0},"end":{"line":360,"column":47}},"360":{"start":{"line":361,"column":0},"end":{"line":361,"column":28}},"361":{"start":{"line":362,"column":0},"end":{"line":362,"column":33}},"362":{"start":{"line":363,"column":0},"end":{"line":363,"column":5}},"363":{"start":{"line":364,"column":0},"end":{"line":364,"column":0}},"364":{"start":{"line":365,"column":0},"end":{"line":365,"column":43}},"365":{"start":{"line":366,"column":0},"end":{"line":366,"column":18}},"366":{"start":{"line":367,"column":0},"end":{"line":367,"column":3}},"367":{"start":{"line":368,"column":0},"end":{"line":368,"column":0}},"368":{"start":{"line":369,"column":0},"end":{"line":369,"column":53}},"369":{"start":{"line":370,"column":0},"end":{"line":370,"column":33}},"370":{"start":{"line":371,"column":0},"end":{"line":371,"column":0}},"371":{"start":{"line":372,"column":0},"end":{"line":372,"column":31}},"372":{"start":{"line":373,"column":0},"end":{"line":373,"column":90}},"373":{"start":{"line":374,"column":0},"end":{"line":374,"column":70}},"374":{"start":{"line":375,"column":0},"end":{"line":375,"column":14}},"375":{"start":{"line":376,"column":0},"end":{"line":376,"column":34}},"376":{"start":{"line":377,"column":0},"end":{"line":377,"column":7}},"377":{"start":{"line":378,"column":0},"end":{"line":378,"column":5}},"378":{"start":{"line":379,"column":0},"end":{"line":379,"column":0}},"379":{"start":{"line":380,"column":0},"end":{"line":380,"column":18}},"380":{"start":{"line":381,"column":0},"end":{"line":381,"column":3}},"381":{"start":{"line":382,"column":0},"end":{"line":382,"column":0}},"382":{"start":{"line":383,"column":0},"end":{"line":383,"column":54}},"383":{"start":{"line":384,"column":0},"end":{"line":384,"column":37}},"384":{"start":{"line":385,"column":0},"end":{"line":385,"column":57}},"385":{"start":{"line":386,"column":0},"end":{"line":386,"column":30}},"386":{"start":{"line":387,"column":0},"end":{"line":387,"column":5}},"387":{"start":{"line":388,"column":0},"end":{"line":388,"column":3}},"388":{"start":{"line":389,"column":0},"end":{"line":389,"column":0}},"389":{"start":{"line":390,"column":0},"end":{"line":390,"column":134}},"390":{"start":{"line":391,"column":0},"end":{"line":391,"column":32}},"391":{"start":{"line":392,"column":0},"end":{"line":392,"column":41}},"392":{"start":{"line":393,"column":0},"end":{"line":393,"column":30}},"393":{"start":{"line":394,"column":0},"end":{"line":394,"column":28}},"394":{"start":{"line":395,"column":0},"end":{"line":395,"column":14}},"395":{"start":{"line":396,"column":0},"end":{"line":396,"column":24}},"396":{"start":{"line":397,"column":0},"end":{"line":397,"column":7}},"397":{"start":{"line":398,"column":0},"end":{"line":398,"column":0}},"398":{"start":{"line":399,"column":0},"end":{"line":399,"column":53}},"399":{"start":{"line":400,"column":0},"end":{"line":400,"column":32}},"400":{"start":{"line":401,"column":0},"end":{"line":401,"column":50}},"401":{"start":{"line":402,"column":0},"end":{"line":402,"column":46}},"402":{"start":{"line":403,"column":0},"end":{"line":403,"column":44}},"403":{"start":{"line":404,"column":0},"end":{"line":404,"column":26}},"404":{"start":{"line":405,"column":0},"end":{"line":405,"column":9}},"405":{"start":{"line":406,"column":0},"end":{"line":406,"column":5}},"406":{"start":{"line":407,"column":0},"end":{"line":407,"column":3}},"407":{"start":{"line":408,"column":0},"end":{"line":408,"column":0}},"408":{"start":{"line":409,"column":0},"end":{"line":409,"column":69}},"409":{"start":{"line":410,"column":0},"end":{"line":410,"column":51}},"410":{"start":{"line":411,"column":0},"end":{"line":411,"column":38}},"411":{"start":{"line":412,"column":0},"end":{"line":412,"column":0}},"412":{"start":{"line":413,"column":0},"end":{"line":413,"column":54}},"413":{"start":{"line":414,"column":0},"end":{"line":414,"column":29}},"414":{"start":{"line":415,"column":0},"end":{"line":415,"column":40}},"415":{"start":{"line":416,"column":0},"end":{"line":416,"column":71}},"416":{"start":{"line":417,"column":0},"end":{"line":417,"column":28}},"417":{"start":{"line":418,"column":0},"end":{"line":418,"column":16}},"418":{"start":{"line":419,"column":0},"end":{"line":419,"column":9}},"419":{"start":{"line":420,"column":0},"end":{"line":420,"column":7}},"420":{"start":{"line":421,"column":0},"end":{"line":421,"column":0}},"421":{"start":{"line":422,"column":0},"end":{"line":422,"column":23}},"422":{"start":{"line":423,"column":0},"end":{"line":423,"column":42}},"423":{"start":{"line":424,"column":0},"end":{"line":424,"column":15}},"424":{"start":{"line":425,"column":0},"end":{"line":425,"column":31}},"425":{"start":{"line":426,"column":0},"end":{"line":426,"column":27}},"426":{"start":{"line":427,"column":0},"end":{"line":427,"column":60}},"427":{"start":{"line":428,"column":0},"end":{"line":428,"column":11}},"428":{"start":{"line":429,"column":0},"end":{"line":429,"column":9}},"429":{"start":{"line":430,"column":0},"end":{"line":430,"column":7}},"430":{"start":{"line":431,"column":0},"end":{"line":431,"column":5}},"431":{"start":{"line":432,"column":0},"end":{"line":432,"column":3}},"432":{"start":{"line":433,"column":0},"end":{"line":433,"column":0}},"433":{"start":{"line":434,"column":0},"end":{"line":434,"column":44}},"434":{"start":{"line":435,"column":0},"end":{"line":435,"column":44}},"435":{"start":{"line":436,"column":0},"end":{"line":436,"column":58}},"436":{"start":{"line":437,"column":0},"end":{"line":437,"column":62}},"437":{"start":{"line":438,"column":0},"end":{"line":438,"column":7}},"438":{"start":{"line":439,"column":0},"end":{"line":439,"column":0}},"439":{"start":{"line":440,"column":0},"end":{"line":440,"column":57}},"440":{"start":{"line":441,"column":0},"end":{"line":441,"column":59}},"441":{"start":{"line":442,"column":0},"end":{"line":442,"column":43}},"442":{"start":{"line":443,"column":0},"end":{"line":443,"column":7}},"443":{"start":{"line":444,"column":0},"end":{"line":444,"column":0}},"444":{"start":{"line":445,"column":0},"end":{"line":445,"column":58}},"445":{"start":{"line":446,"column":0},"end":{"line":446,"column":60}},"446":{"start":{"line":447,"column":0},"end":{"line":447,"column":56}},"447":{"start":{"line":448,"column":0},"end":{"line":448,"column":7}},"448":{"start":{"line":449,"column":0},"end":{"line":449,"column":3}},"449":{"start":{"line":450,"column":0},"end":{"line":450,"column":0}},"450":{"start":{"line":451,"column":0},"end":{"line":451,"column":45}},"451":{"start":{"line":452,"column":0},"end":{"line":452,"column":48}},"452":{"start":{"line":453,"column":0},"end":{"line":453,"column":50}},"453":{"start":{"line":454,"column":0},"end":{"line":454,"column":37}},"454":{"start":{"line":455,"column":0},"end":{"line":455,"column":24}},"455":{"start":{"line":456,"column":0},"end":{"line":456,"column":7}},"456":{"start":{"line":457,"column":0},"end":{"line":457,"column":3}},"457":{"start":{"line":458,"column":0},"end":{"line":458,"column":1}},"458":{"start":{"line":459,"column":0},"end":{"line":459,"column":0}},"459":{"start":{"line":460,"column":0},"end":{"line":460,"column":24}}},"s":{"0":1,"1":1,"2":1,"3":1,"4":1,"5":1,"6":1,"7":1,"8":1,"9":1,"10":1,"11":1,"12":1,"13":1,"14":1,"15":1,"16":1,"17":1,"18":1,"19":1,"20":1,"21":1,"22":1,"23":1,"24":1,"25":1,"26":1,"27":1,"28":1,"29":1,"30":1,"31":1,"32":1,"33":1,"34":1,"35":1,"36":1,"37":1,"38":1,"39":1,"40":1,"41":1,"42":1,"43":1,"44":1,"45":1,"46":1,"47":1,"48":1,"49":1,"50":1,"51":1,"52":1,"53":1,"54":1,"55":1,"56":1,"57":1,"58":1,"59":1,"60":1,"61":1,"62":1,"63":1,"64":1,"65":1,"66":1,"67":1,"68":1,"69":1,"70":1,"71":1,"72":1,"73":1,"74":1,"75":1,"76":1,"77":1,"78":1,"79":1,"80":1,"81":1,"82":1,"83":1,"84":1,"85":1,"86":1,"87":1,"88":1,"89":1,"90":1,"91":1,"92":1,"93":1,"94":1,"95":1,"96":1,"97":1,"98":1,"99":1,"100":1,"101":1,"102":1,"103":1,"104":1,"105":93,"106":2,"107":2,"108":91,"109":91,"110":91,"111":91,"112":91,"113":91,"114":91,"115":91,"116":91,"117":91,"118":91,"119":91,"120":93,"121":2,"122":2,"123":93,"124":1,"125":1,"126":1,"127":1,"128":1,"129":94,"130":94,"131":94,"132":94,"133":94,"134":94,"135":94,"136":94,"137":94,"138":94,"139":94,"140":94,"141":94,"142":94,"143":94,"144":94,"145":94,"146":94,"147":94,"148":94,"149":94,"150":94,"151":94,"152":94,"153":94,"154":94,"155":94,"156":94,"157":94,"158":94,"159":94,"160":94,"161":94,"162":94,"163":94,"164":94,"165":94,"166":94,"167":94,"168":94,"169":94,"170":94,"171":94,"172":94,"173":94,"174":94,"175":1,"176":1,"177":1,"178":1,"179":1,"180":1,"181":1,"182":1,"183":37,"184":37,"185":37,"186":37,"187":74,"188":71,"189":74,"190":3,"191":3,"192":74,"193":34,"194":34,"195":37,"196":1,"197":1,"198":1,"199":1,"200":1,"201":1,"202":1,"203":1,"204":119,"205":119,"206":119,"207":119,"208":116,"209":119,"210":3,"211":3,"212":119,"213":119,"214":119,"215":119,"216":119,"217":116,"218":119,"219":3,"220":3,"221":119,"222":119,"223":119,"224":119,"225":119,"226":119,"227":118,"228":118,"229":119,"230":119,"231":119,"232":119,"233":119,"234":119,"235":119,"236":1,"237":1,"238":1,"239":1,"240":1,"241":1,"242":1,"243":1,"244":7,"245":5,"246":5,"247":7,"248":7,"249":7,"250":7,"251":1,"252":1,"253":1,"254":1,"255":1,"256":7,"257":1,"258":1,"259":1,"260":1,"261":1,"262":1,"263":9,"264":9,"265":1,"266":1,"267":1,"268":1,"269":1,"270":1,"271":3,"272":3,"273":3,"274":3,"275":2,"276":2,"277":2,"278":2,"279":2,"280":3,"281":1,"282":1,"283":1,"284":1,"285":1,"286":1,"287":1,"288":4,"289":4,"290":1,"291":1,"292":1,"293":1,"294":1,"295":1,"296":4,"297":2,"298":2,"299":2,"300":2,"301":2,"302":2,"303":2,"304":2,"305":2,"306":2,"307":2,"308":2,"309":4,"310":1,"311":1,"312":1,"313":1,"314":1,"315":1,"316":2,"317":2,"318":2,"319":2,"320":2,"321":1,"322":1,"323":2,"324":1,"325":1,"326":1,"327":1,"328":1,"329":1,"330":1,"331":3,"332":3,"333":3,"334":3,"335":2,"336":2,"337":2,"338":2,"339":2,"340":2,"341":2,"342":2,"343":3,"344":3,"345":0,"346":0,"347":1,"348":3,"349":1,"350":1,"351":1,"352":1,"353":1,"354":1,"355":116,"356":116,"357":116,"358":116,"359":116,"360":116,"361":116,"362":116,"363":116,"364":116,"365":116,"366":116,"367":1,"368":1,"369":235,"370":235,"371":235,"372":236,"373":119,"374":236,"375":117,"376":117,"377":236,"378":235,"379":235,"380":235,"381":1,"382":1,"383":119,"384":119,"385":10,"386":10,"387":119,"388":1,"389":1,"390":118,"391":118,"392":118,"393":118,"394":118,"395":118,"396":118,"397":118,"398":118,"399":118,"400":119,"401":119,"402":119,"403":119,"404":119,"405":119,"406":118,"407":1,"408":1,"409":119,"410":6,"411":6,"412":6,"413":6,"414":6,"415":6,"416":6,"417":6,"418":6,"419":6,"420":6,"421":6,"422":6,"423":7,"424":7,"425":7,"426":1,"427":1,"428":7,"429":6,"430":6,"431":119,"432":1,"433":1,"434":91,"435":91,"436":91,"437":91,"438":91,"439":91,"440":91,"441":2,"442":91,"443":91,"444":91,"445":91,"446":1,"447":91,"448":91,"449":1,"450":1,"451":119,"452":119,"453":119,"454":119,"455":119,"456":119,"457":1,"458":1,"459":1},"branchMap":{"0":{"type":"branch","line":105,"loc":{"start":{"line":105,"column":2},"end":{"line":124,"column":3}},"locations":[{"start":{"line":105,"column":2},"end":{"line":124,"column":3}}]},"1":{"type":"branch","line":106,"loc":{"start":{"line":106,"column":9},"end":{"line":106,"column":54}},"locations":[{"start":{"line":106,"column":9},"end":{"line":106,"column":54}}]},"2":{"type":"branch","line":106,"loc":{"start":{"line":106,"column":54},"end":{"line":108,"column":5}},"locations":[{"start":{"line":106,"column":54},"end":{"line":108,"column":5}}]},"3":{"type":"branch","line":108,"loc":{"start":{"line":108,"column":4},"end":{"line":121,"column":62}},"locations":[{"start":{"line":108,"column":4},"end":{"line":121,"column":62}}]},"4":{"type":"branch","line":121,"loc":{"start":{"line":121,"column":62},"end":{"line":123,"column":5}},"locations":[{"start":{"line":121,"column":62},"end":{"line":123,"column":5}}]},"5":{"type":"branch","line":129,"loc":{"start":{"line":129,"column":10},"end":{"line":175,"column":3}},"locations":[{"start":{"line":129,"column":10},"end":{"line":175,"column":3}}]},"6":{"type":"branch","line":183,"loc":{"start":{"line":183,"column":2},"end":{"line":196,"column":3}},"locations":[{"start":{"line":183,"column":2},"end":{"line":196,"column":3}}]},"7":{"type":"branch","line":187,"loc":{"start":{"line":187,"column":28},"end":{"line":193,"column":5}},"locations":[{"start":{"line":187,"column":28},"end":{"line":193,"column":5}}]},"8":{"type":"branch","line":188,"loc":{"start":{"line":188,"column":62},"end":{"line":190,"column":13}},"locations":[{"start":{"line":188,"column":62},"end":{"line":190,"column":13}}]},"9":{"type":"branch","line":190,"loc":{"start":{"line":190,"column":6},"end":{"line":192,"column":7}},"locations":[{"start":{"line":190,"column":6},"end":{"line":192,"column":7}}]},"10":{"type":"branch","line":193,"loc":{"start":{"line":193,"column":4},"end":{"line":195,"column":22}},"locations":[{"start":{"line":193,"column":4},"end":{"line":195,"column":22}}]},"11":{"type":"branch","line":204,"loc":{"start":{"line":204,"column":2},"end":{"line":236,"column":3}},"locations":[{"start":{"line":204,"column":2},"end":{"line":236,"column":3}}]},"12":{"type":"branch","line":208,"loc":{"start":{"line":208,"column":43},"end":{"line":210,"column":11}},"locations":[{"start":{"line":208,"column":43},"end":{"line":210,"column":11}}]},"13":{"type":"branch","line":210,"loc":{"start":{"line":210,"column":4},"end":{"line":212,"column":5}},"locations":[{"start":{"line":210,"column":4},"end":{"line":212,"column":5}}]},"14":{"type":"branch","line":217,"loc":{"start":{"line":217,"column":15},"end":{"line":219,"column":11}},"locations":[{"start":{"line":217,"column":15},"end":{"line":219,"column":11}}]},"15":{"type":"branch","line":219,"loc":{"start":{"line":219,"column":4},"end":{"line":221,"column":5}},"locations":[{"start":{"line":219,"column":4},"end":{"line":221,"column":5}}]},"16":{"type":"branch","line":227,"loc":{"start":{"line":227,"column":17},"end":{"line":229,"column":5}},"locations":[{"start":{"line":227,"column":17},"end":{"line":229,"column":5}}]},"17":{"type":"branch","line":244,"loc":{"start":{"line":244,"column":2},"end":{"line":257,"column":3}},"locations":[{"start":{"line":244,"column":2},"end":{"line":257,"column":3}}]},"18":{"type":"branch","line":245,"loc":{"start":{"line":245,"column":34},"end":{"line":247,"column":5}},"locations":[{"start":{"line":245,"column":34},"end":{"line":247,"column":5}}]},"19":{"type":"branch","line":251,"loc":{"start":{"line":251,"column":11},"end":{"line":256,"column":6}},"locations":[{"start":{"line":251,"column":11},"end":{"line":256,"column":6}}]},"20":{"type":"branch","line":263,"loc":{"start":{"line":263,"column":2},"end":{"line":265,"column":3}},"locations":[{"start":{"line":263,"column":2},"end":{"line":265,"column":3}}]},"21":{"type":"branch","line":271,"loc":{"start":{"line":271,"column":2},"end":{"line":281,"column":3}},"locations":[{"start":{"line":271,"column":2},"end":{"line":281,"column":3}}]},"22":{"type":"branch","line":275,"loc":{"start":{"line":275,"column":17},"end":{"line":280,"column":5}},"locations":[{"start":{"line":275,"column":17},"end":{"line":280,"column":5}}]},"23":{"type":"branch","line":288,"loc":{"start":{"line":288,"column":2},"end":{"line":290,"column":3}},"locations":[{"start":{"line":288,"column":2},"end":{"line":290,"column":3}}]},"24":{"type":"branch","line":296,"loc":{"start":{"line":296,"column":2},"end":{"line":310,"column":3}},"locations":[{"start":{"line":296,"column":2},"end":{"line":310,"column":3}}]},"25":{"type":"branch","line":297,"loc":{"start":{"line":297,"column":20},"end":{"line":297,"column":63}},"locations":[{"start":{"line":297,"column":20},"end":{"line":297,"column":63}}]},"26":{"type":"branch","line":297,"loc":{"start":{"line":297,"column":63},"end":{"line":309,"column":7}},"locations":[{"start":{"line":297,"column":63},"end":{"line":309,"column":7}}]},"27":{"type":"branch","line":316,"loc":{"start":{"line":316,"column":2},"end":{"line":324,"column":3}},"locations":[{"start":{"line":316,"column":2},"end":{"line":324,"column":3}}]},"28":{"type":"branch","line":321,"loc":{"start":{"line":321,"column":4},"end":{"line":323,"column":5}},"locations":[{"start":{"line":321,"column":4},"end":{"line":323,"column":5}}]},"29":{"type":"branch","line":331,"loc":{"start":{"line":331,"column":2},"end":{"line":349,"column":3}},"locations":[{"start":{"line":331,"column":2},"end":{"line":349,"column":3}}]},"30":{"type":"branch","line":335,"loc":{"start":{"line":335,"column":19},"end":{"line":343,"column":9}},"locations":[{"start":{"line":335,"column":19},"end":{"line":343,"column":9}}]},"31":{"type":"branch","line":345,"loc":{"start":{"line":345,"column":4},"end":{"line":347,"column":5}},"locations":[{"start":{"line":345,"column":4},"end":{"line":347,"column":5}}]},"32":{"type":"branch","line":347,"loc":{"start":{"line":347,"column":4},"end":{"line":348,"column":17}},"locations":[{"start":{"line":347,"column":4},"end":{"line":348,"column":17}}]},"33":{"type":"branch","line":355,"loc":{"start":{"line":355,"column":10},"end":{"line":367,"column":3}},"locations":[{"start":{"line":355,"column":10},"end":{"line":367,"column":3}}]},"34":{"type":"branch","line":369,"loc":{"start":{"line":369,"column":10},"end":{"line":381,"column":3}},"locations":[{"start":{"line":369,"column":10},"end":{"line":381,"column":3}}]},"35":{"type":"branch","line":372,"loc":{"start":{"line":372,"column":30},"end":{"line":378,"column":5}},"locations":[{"start":{"line":372,"column":30},"end":{"line":378,"column":5}}]},"36":{"type":"branch","line":373,"loc":{"start":{"line":373,"column":20},"end":{"line":373,"column":60}},"locations":[{"start":{"line":373,"column":20},"end":{"line":373,"column":60}}]},"37":{"type":"branch","line":373,"loc":{"start":{"line":373,"column":48},"end":{"line":373,"column":89}},"locations":[{"start":{"line":373,"column":48},"end":{"line":373,"column":89}}]},"38":{"type":"branch","line":373,"loc":{"start":{"line":373,"column":89},"end":{"line":375,"column":13}},"locations":[{"start":{"line":373,"column":89},"end":{"line":375,"column":13}}]},"39":{"type":"branch","line":374,"loc":{"start":{"line":374,"column":48},"end":{"line":374,"column":57}},"locations":[{"start":{"line":374,"column":48},"end":{"line":374,"column":57}}]},"40":{"type":"branch","line":375,"loc":{"start":{"line":375,"column":6},"end":{"line":377,"column":7}},"locations":[{"start":{"line":375,"column":6},"end":{"line":377,"column":7}}]},"41":{"type":"branch","line":383,"loc":{"start":{"line":383,"column":10},"end":{"line":388,"column":3}},"locations":[{"start":{"line":383,"column":10},"end":{"line":388,"column":3}}]},"42":{"type":"branch","line":385,"loc":{"start":{"line":385,"column":56},"end":{"line":387,"column":5}},"locations":[{"start":{"line":385,"column":56},"end":{"line":387,"column":5}}]},"43":{"type":"branch","line":390,"loc":{"start":{"line":390,"column":10},"end":{"line":407,"column":3}},"locations":[{"start":{"line":390,"column":10},"end":{"line":407,"column":3}}]},"44":{"type":"branch","line":400,"loc":{"start":{"line":400,"column":31},"end":{"line":406,"column":5}},"locations":[{"start":{"line":400,"column":31},"end":{"line":406,"column":5}}]},"45":{"type":"branch","line":409,"loc":{"start":{"line":409,"column":10},"end":{"line":432,"column":3}},"locations":[{"start":{"line":409,"column":10},"end":{"line":432,"column":3}}]},"46":{"type":"branch","line":410,"loc":{"start":{"line":410,"column":50},"end":{"line":431,"column":5}},"locations":[{"start":{"line":410,"column":50},"end":{"line":431,"column":5}}]},"47":{"type":"branch","line":416,"loc":{"start":{"line":416,"column":37},"end":{"line":416,"column":70}},"locations":[{"start":{"line":416,"column":37},"end":{"line":416,"column":70}}]},"48":{"type":"branch","line":423,"loc":{"start":{"line":423,"column":41},"end":{"line":429,"column":9}},"locations":[{"start":{"line":423,"column":41},"end":{"line":429,"column":9}}]},"49":{"type":"branch","line":426,"loc":{"start":{"line":426,"column":10},"end":{"line":428,"column":11}},"locations":[{"start":{"line":426,"column":10},"end":{"line":428,"column":11}}]},"50":{"type":"branch","line":434,"loc":{"start":{"line":434,"column":10},"end":{"line":449,"column":3}},"locations":[{"start":{"line":434,"column":10},"end":{"line":449,"column":3}}]},"51":{"type":"branch","line":437,"loc":{"start":{"line":437,"column":11},"end":{"line":437,"column":62}},"locations":[{"start":{"line":437,"column":11},"end":{"line":437,"column":62}}]},"52":{"type":"branch","line":441,"loc":{"start":{"line":441,"column":11},"end":{"line":442,"column":43}},"locations":[{"start":{"line":441,"column":11},"end":{"line":442,"column":43}}]},"53":{"type":"branch","line":441,"loc":{"start":{"line":441,"column":55},"end":{"line":442,"column":43}},"locations":[{"start":{"line":441,"column":55},"end":{"line":442,"column":43}}]},"54":{"type":"branch","line":446,"loc":{"start":{"line":446,"column":11},"end":{"line":447,"column":56}},"locations":[{"start":{"line":446,"column":11},"end":{"line":447,"column":56}}]},"55":{"type":"branch","line":446,"loc":{"start":{"line":446,"column":56},"end":{"line":447,"column":56}},"locations":[{"start":{"line":446,"column":56},"end":{"line":447,"column":56}}]},"56":{"type":"branch","line":451,"loc":{"start":{"line":451,"column":10},"end":{"line":457,"column":3}},"locations":[{"start":{"line":451,"column":10},"end":{"line":457,"column":3}}]}},"b":{"0":[93],"1":[92],"2":[2],"3":[91],"4":[2],"5":[94],"6":[37],"7":[74],"8":[71],"9":[3],"10":[34],"11":[119],"12":[116],"13":[3],"14":[116],"15":[3],"16":[118],"17":[7],"18":[5],"19":[1],"20":[9],"21":[3],"22":[2],"23":[4],"24":[4],"25":[3],"26":[2],"27":[2],"28":[1],"29":[3],"30":[2],"31":[0],"32":[1],"33":[116],"34":[235],"35":[236],"36":[232],"37":[119],"38":[119],"39":[4],"40":[117],"41":[119],"42":[10],"43":[118],"44":[119],"45":[119],"46":[6],"47":[0],"48":[7],"49":[1],"50":[91],"51":[2],"52":[3],"53":[2],"54":[2],"55":[1],"56":[119]},"fnMap":{"0":{"name":"AppState","decl":{"start":{"line":105,"column":2},"end":{"line":124,"column":3}},"loc":{"start":{"line":105,"column":2},"end":{"line":124,"column":3}},"line":105},"1":{"name":"_getDefaultState","decl":{"start":{"line":129,"column":10},"end":{"line":175,"column":3}},"loc":{"start":{"line":129,"column":10},"end":{"line":175,"column":3}},"line":129},"2":{"name":"get","decl":{"start":{"line":183,"column":2},"end":{"line":196,"column":3}},"loc":{"start":{"line":183,"column":2},"end":{"line":196,"column":3}},"line":183},"3":{"name":"setState","decl":{"start":{"line":204,"column":2},"end":{"line":236,"column":3}},"loc":{"start":{"line":204,"column":2},"end":{"line":236,"column":3}},"line":204},"4":{"name":"watch","decl":{"start":{"line":244,"column":2},"end":{"line":257,"column":3}},"loc":{"start":{"line":244,"column":2},"end":{"line":257,"column":3}},"line":244},"5":{"name":"getState","decl":{"start":{"line":263,"column":2},"end":{"line":265,"column":3}},"loc":{"start":{"line":263,"column":2},"end":{"line":265,"column":3}},"line":263},"6":{"name":"reset","decl":{"start":{"line":271,"column":2},"end":{"line":281,"column":3}},"loc":{"start":{"line":271,"column":2},"end":{"line":281,"column":3}},"line":271},"7":{"name":"getHistory","decl":{"start":{"line":288,"column":2},"end":{"line":290,"column":3}},"loc":{"start":{"line":288,"column":2},"end":{"line":290,"column":3}},"line":288},"8":{"name":"timeTravel","decl":{"start":{"line":296,"column":2},"end":{"line":310,"column":3}},"loc":{"start":{"line":296,"column":2},"end":{"line":310,"column":3}},"line":296},"9":{"name":"persist","decl":{"start":{"line":316,"column":2},"end":{"line":324,"column":3}},"loc":{"start":{"line":316,"column":2},"end":{"line":324,"column":3}},"line":316},"10":{"name":"restore","decl":{"start":{"line":331,"column":2},"end":{"line":349,"column":3}},"loc":{"start":{"line":331,"column":2},"end":{"line":349,"column":3}},"line":331},"11":{"name":"_pathToObject","decl":{"start":{"line":355,"column":10},"end":{"line":367,"column":3}},"loc":{"start":{"line":355,"column":10},"end":{"line":367,"column":3}},"line":355},"12":{"name":"_deepMerge","decl":{"start":{"line":369,"column":10},"end":{"line":381,"column":3}},"loc":{"start":{"line":369,"column":10},"end":{"line":381,"column":3}},"line":369},"13":{"name":"_addToHistory","decl":{"start":{"line":383,"column":10},"end":{"line":388,"column":3}},"loc":{"start":{"line":383,"column":10},"end":{"line":388,"column":3}},"line":383},"14":{"name":"_emitStateChanges","decl":{"start":{"line":390,"column":10},"end":{"line":407,"column":3}},"loc":{"start":{"line":390,"column":10},"end":{"line":407,"column":3}},"line":390},"15":{"name":"_callWatchers","decl":{"start":{"line":409,"column":10},"end":{"line":432,"column":3}},"loc":{"start":{"line":409,"column":10},"end":{"line":432,"column":3}},"line":409},"16":{"name":"_setupComputedProperties","decl":{"start":{"line":434,"column":10},"end":{"line":449,"column":3}},"loc":{"start":{"line":434,"column":10},"end":{"line":449,"column":3}},"line":434},"17":{"name":"get","decl":{"start":{"line":437,"column":11},"end":{"line":437,"column":62}},"loc":{"start":{"line":437,"column":11},"end":{"line":437,"column":62}},"line":437},"18":{"name":"get","decl":{"start":{"line":441,"column":11},"end":{"line":442,"column":43}},"loc":{"start":{"line":441,"column":11},"end":{"line":442,"column":43}},"line":441},"19":{"name":"get","decl":{"start":{"line":446,"column":11},"end":{"line":447,"column":56}},"loc":{"start":{"line":446,"column":11},"end":{"line":447,"column":56}},"line":446},"20":{"name":"_updateComputedProperties","decl":{"start":{"line":451,"column":10},"end":{"line":457,"column":3}},"loc":{"start":{"line":451,"column":10},"end":{"line":457,"column":3}},"line":451}},"f":{"0":93,"1":94,"2":37,"3":119,"4":7,"5":9,"6":3,"7":4,"8":4,"9":2,"10":3,"11":116,"12":235,"13":119,"14":118,"15":119,"16":91,"17":2,"18":3,"19":2,"20":119}}
,"/Users/fab/GitHub/navigator/packages/core/src/EventBus.ts": {"path":"/Users/fab/GitHub/navigator/packages/core/src/EventBus.ts","all":false,"statementMap":{"0":{"start":{"line":1,"column":0},"end":{"line":1,"column":3}},"1":{"start":{"line":2,"column":0},"end":{"line":2,"column":14}},"2":{"start":{"line":3,"column":0},"end":{"line":3,"column":3}},"3":{"start":{"line":4,"column":0},"end":{"line":4,"column":69}},"4":{"start":{"line":5,"column":0},"end":{"line":5,"column":83}},"5":{"start":{"line":6,"column":0},"end":{"line":6,"column":3}},"6":{"start":{"line":7,"column":0},"end":{"line":7,"column":12}},"7":{"start":{"line":8,"column":0},"end":{"line":8,"column":43}},"8":{"start":{"line":9,"column":0},"end":{"line":9,"column":33}},"9":{"start":{"line":10,"column":0},"end":{"line":10,"column":32}},"10":{"start":{"line":11,"column":0},"end":{"line":11,"column":27}},"11":{"start":{"line":12,"column":0},"end":{"line":12,"column":34}},"12":{"start":{"line":13,"column":0},"end":{"line":13,"column":3}},"13":{"start":{"line":14,"column":0},"end":{"line":14,"column":0}},"14":{"start":{"line":15,"column":0},"end":{"line":15,"column":13}},"15":{"start":{"line":16,"column":0},"end":{"line":16,"column":17}},"16":{"start":{"line":17,"column":0},"end":{"line":17,"column":15}},"17":{"start":{"line":18,"column":0},"end":{"line":18,"column":18}},"18":{"start":{"line":19,"column":0},"end":{"line":19,"column":22}},"19":{"start":{"line":20,"column":0},"end":{"line":20,"column":22}},"20":{"start":{"line":21,"column":0},"end":{"line":21,"column":18}},"21":{"start":{"line":22,"column":0},"end":{"line":22,"column":12}},"22":{"start":{"line":23,"column":0},"end":{"line":23,"column":17}},"23":{"start":{"line":24,"column":0},"end":{"line":24,"column":0}},"24":{"start":{"line":25,"column":0},"end":{"line":25,"column":48}},"25":{"start":{"line":26,"column":0},"end":{"line":26,"column":21}},"26":{"start":{"line":27,"column":0},"end":{"line":27,"column":1}},"27":{"start":{"line":28,"column":0},"end":{"line":28,"column":0}},"28":{"start":{"line":29,"column":0},"end":{"line":29,"column":23}},"29":{"start":{"line":30,"column":0},"end":{"line":30,"column":55}},"30":{"start":{"line":31,"column":0},"end":{"line":31,"column":50}},"31":{"start":{"line":32,"column":0},"end":{"line":32,"column":41}},"32":{"start":{"line":33,"column":0},"end":{"line":33,"column":33}},"33":{"start":{"line":34,"column":0},"end":{"line":34,"column":29}},"34":{"start":{"line":35,"column":0},"end":{"line":35,"column":40}},"35":{"start":{"line":36,"column":0},"end":{"line":36,"column":18}},"36":{"start":{"line":37,"column":0},"end":{"line":37,"column":24}},"37":{"start":{"line":38,"column":0},"end":{"line":38,"column":37}},"38":{"start":{"line":39,"column":0},"end":{"line":39,"column":4}},"39":{"start":{"line":40,"column":0},"end":{"line":40,"column":0}},"40":{"start":{"line":41,"column":0},"end":{"line":41,"column":46}},"41":{"start":{"line":42,"column":0},"end":{"line":42,"column":31}},"42":{"start":{"line":43,"column":0},"end":{"line":43,"column":39}},"43":{"start":{"line":44,"column":0},"end":{"line":44,"column":27}},"44":{"start":{"line":45,"column":0},"end":{"line":45,"column":56}},"45":{"start":{"line":46,"column":0},"end":{"line":46,"column":48}},"46":{"start":{"line":47,"column":0},"end":{"line":47,"column":25}},"47":{"start":{"line":48,"column":0},"end":{"line":48,"column":18}},"48":{"start":{"line":49,"column":0},"end":{"line":49,"column":21}},"49":{"start":{"line":50,"column":0},"end":{"line":50,"column":28}},"50":{"start":{"line":51,"column":0},"end":{"line":51,"column":6}},"51":{"start":{"line":52,"column":0},"end":{"line":52,"column":3}},"52":{"start":{"line":53,"column":0},"end":{"line":53,"column":0}},"53":{"start":{"line":54,"column":0},"end":{"line":54,"column":5}},"54":{"start":{"line":55,"column":0},"end":{"line":55,"column":26}},"55":{"start":{"line":56,"column":0},"end":{"line":56,"column":59}},"56":{"start":{"line":57,"column":0},"end":{"line":57,"column":53}},"57":{"start":{"line":58,"column":0},"end":{"line":58,"column":57}},"58":{"start":{"line":59,"column":0},"end":{"line":59,"column":34}},"59":{"start":{"line":60,"column":0},"end":{"line":60,"column":5}},"60":{"start":{"line":61,"column":0},"end":{"line":61,"column":14}},"61":{"start":{"line":62,"column":0},"end":{"line":62,"column":22}},"62":{"start":{"line":63,"column":0},"end":{"line":63,"column":29}},"63":{"start":{"line":64,"column":0},"end":{"line":64,"column":37}},"64":{"start":{"line":65,"column":0},"end":{"line":65,"column":26}},"65":{"start":{"line":66,"column":0},"end":{"line":66,"column":40}},"66":{"start":{"line":67,"column":0},"end":{"line":67,"column":65}},"67":{"start":{"line":68,"column":0},"end":{"line":68,"column":5}},"68":{"start":{"line":69,"column":0},"end":{"line":69,"column":0}},"69":{"start":{"line":70,"column":0},"end":{"line":70,"column":56}},"70":{"start":{"line":71,"column":0},"end":{"line":71,"column":51}},"71":{"start":{"line":72,"column":0},"end":{"line":72,"column":16}},"72":{"start":{"line":73,"column":0},"end":{"line":73,"column":0}},"73":{"start":{"line":74,"column":0},"end":{"line":74,"column":34}},"74":{"start":{"line":75,"column":0},"end":{"line":75,"column":41}},"75":{"start":{"line":76,"column":0},"end":{"line":76,"column":50}},"76":{"start":{"line":77,"column":0},"end":{"line":77,"column":5}},"77":{"start":{"line":78,"column":0},"end":{"line":78,"column":0}},"78":{"start":{"line":79,"column":0},"end":{"line":79,"column":28}},"79":{"start":{"line":80,"column":0},"end":{"line":80,"column":49}},"80":{"start":{"line":81,"column":0},"end":{"line":81,"column":12}},"81":{"start":{"line":82,"column":0},"end":{"line":82,"column":43}},"82":{"start":{"line":83,"column":0},"end":{"line":83,"column":49}},"83":{"start":{"line":84,"column":0},"end":{"line":84,"column":7}},"84":{"start":{"line":85,"column":0},"end":{"line":85,"column":54}},"85":{"start":{"line":86,"column":0},"end":{"line":86,"column":35}},"86":{"start":{"line":87,"column":0},"end":{"line":87,"column":0}},"87":{"start":{"line":88,"column":0},"end":{"line":88,"column":35}},"88":{"start":{"line":89,"column":0},"end":{"line":89,"column":43}},"89":{"start":{"line":90,"column":0},"end":{"line":90,"column":48}},"90":{"start":{"line":91,"column":0},"end":{"line":91,"column":7}},"91":{"start":{"line":92,"column":0},"end":{"line":92,"column":5}},"92":{"start":{"line":93,"column":0},"end":{"line":93,"column":0}},"93":{"start":{"line":94,"column":0},"end":{"line":94,"column":25}},"94":{"start":{"line":95,"column":0},"end":{"line":95,"column":90}},"95":{"start":{"line":96,"column":0},"end":{"line":96,"column":5}},"96":{"start":{"line":97,"column":0},"end":{"line":97,"column":0}},"97":{"start":{"line":98,"column":0},"end":{"line":98,"column":34}},"98":{"start":{"line":99,"column":0},"end":{"line":99,"column":53}},"99":{"start":{"line":100,"column":0},"end":{"line":100,"column":3}},"100":{"start":{"line":101,"column":0},"end":{"line":101,"column":0}},"101":{"start":{"line":102,"column":0},"end":{"line":102,"column":5}},"102":{"start":{"line":103,"column":0},"end":{"line":103,"column":30}},"103":{"start":{"line":104,"column":0},"end":{"line":104,"column":34}},"104":{"start":{"line":105,"column":0},"end":{"line":105,"column":79}},"105":{"start":{"line":106,"column":0},"end":{"line":106,"column":5}},"106":{"start":{"line":107,"column":0},"end":{"line":107,"column":56}},"107":{"start":{"line":108,"column":0},"end":{"line":108,"column":28}},"108":{"start":{"line":109,"column":0},"end":{"line":109,"column":20}},"109":{"start":{"line":110,"column":0},"end":{"line":110,"column":66}},"110":{"start":{"line":111,"column":0},"end":{"line":111,"column":14}},"111":{"start":{"line":112,"column":0},"end":{"line":112,"column":39}},"112":{"start":{"line":113,"column":0},"end":{"line":113,"column":7}},"113":{"start":{"line":114,"column":0},"end":{"line":114,"column":12}},"114":{"start":{"line":115,"column":0},"end":{"line":115,"column":53}},"115":{"start":{"line":116,"column":0},"end":{"line":116,"column":21}},"116":{"start":{"line":117,"column":0},"end":{"line":117,"column":22}},"117":{"start":{"line":118,"column":0},"end":{"line":118,"column":54}},"118":{"start":{"line":119,"column":0},"end":{"line":119,"column":16}},"119":{"start":{"line":120,"column":0},"end":{"line":120,"column":27}},"120":{"start":{"line":121,"column":0},"end":{"line":121,"column":9}},"121":{"start":{"line":122,"column":0},"end":{"line":122,"column":7}},"122":{"start":{"line":123,"column":0},"end":{"line":123,"column":5}},"123":{"start":{"line":124,"column":0},"end":{"line":124,"column":0}},"124":{"start":{"line":125,"column":0},"end":{"line":125,"column":25}},"125":{"start":{"line":126,"column":0},"end":{"line":126,"column":65}},"126":{"start":{"line":127,"column":0},"end":{"line":127,"column":5}},"127":{"start":{"line":128,"column":0},"end":{"line":128,"column":3}},"128":{"start":{"line":129,"column":0},"end":{"line":129,"column":0}},"129":{"start":{"line":130,"column":0},"end":{"line":130,"column":5}},"130":{"start":{"line":131,"column":0},"end":{"line":131,"column":71}},"131":{"start":{"line":132,"column":0},"end":{"line":132,"column":34}},"132":{"start":{"line":133,"column":0},"end":{"line":133,"column":39}},"133":{"start":{"line":134,"column":0},"end":{"line":134,"column":34}},"134":{"start":{"line":135,"column":0},"end":{"line":135,"column":5}},"135":{"start":{"line":136,"column":0},"end":{"line":136,"column":83}},"136":{"start":{"line":137,"column":0},"end":{"line":137,"column":55}},"137":{"start":{"line":138,"column":0},"end":{"line":138,"column":3}},"138":{"start":{"line":139,"column":0},"end":{"line":139,"column":0}},"139":{"start":{"line":140,"column":0},"end":{"line":140,"column":5}},"140":{"start":{"line":141,"column":0},"end":{"line":141,"column":37}},"141":{"start":{"line":142,"column":0},"end":{"line":142,"column":34}},"142":{"start":{"line":143,"column":0},"end":{"line":143,"column":32}},"143":{"start":{"line":144,"column":0},"end":{"line":144,"column":46}},"144":{"start":{"line":145,"column":0},"end":{"line":145,"column":5}},"145":{"start":{"line":146,"column":0},"end":{"line":146,"column":67}},"146":{"start":{"line":147,"column":0},"end":{"line":147,"column":38}},"147":{"start":{"line":148,"column":0},"end":{"line":148,"column":22}},"148":{"start":{"line":149,"column":0},"end":{"line":149,"column":14}},"149":{"start":{"line":150,"column":0},"end":{"line":150,"column":35}},"150":{"start":{"line":151,"column":0},"end":{"line":151,"column":51}},"151":{"start":{"line":152,"column":0},"end":{"line":152,"column":6}},"152":{"start":{"line":153,"column":0},"end":{"line":153,"column":0}},"153":{"start":{"line":154,"column":0},"end":{"line":154,"column":36}},"154":{"start":{"line":155,"column":0},"end":{"line":155,"column":56}},"155":{"start":{"line":156,"column":0},"end":{"line":156,"column":34}},"156":{"start":{"line":157,"column":0},"end":{"line":157,"column":42}},"157":{"start":{"line":158,"column":0},"end":{"line":158,"column":19}},"158":{"start":{"line":159,"column":0},"end":{"line":159,"column":5}},"159":{"start":{"line":160,"column":0},"end":{"line":160,"column":0}},"160":{"start":{"line":161,"column":0},"end":{"line":161,"column":19}},"161":{"start":{"line":162,"column":0},"end":{"line":162,"column":29}},"162":{"start":{"line":163,"column":0},"end":{"line":163,"column":61}},"163":{"start":{"line":164,"column":0},"end":{"line":164,"column":53}},"164":{"start":{"line":165,"column":0},"end":{"line":165,"column":0}},"165":{"start":{"line":166,"column":0},"end":{"line":166,"column":21}},"166":{"start":{"line":167,"column":0},"end":{"line":167,"column":39}},"167":{"start":{"line":168,"column":0},"end":{"line":168,"column":0}},"168":{"start":{"line":169,"column":0},"end":{"line":169,"column":25}},"169":{"start":{"line":170,"column":0},"end":{"line":170,"column":61}},"170":{"start":{"line":171,"column":0},"end":{"line":171,"column":5}},"171":{"start":{"line":172,"column":0},"end":{"line":172,"column":0}},"172":{"start":{"line":173,"column":0},"end":{"line":173,"column":27}},"173":{"start":{"line":174,"column":0},"end":{"line":174,"column":0}},"174":{"start":{"line":175,"column":0},"end":{"line":175,"column":35}},"175":{"start":{"line":176,"column":0},"end":{"line":176,"column":51}},"176":{"start":{"line":177,"column":0},"end":{"line":177,"column":40}},"177":{"start":{"line":178,"column":0},"end":{"line":178,"column":78}},"178":{"start":{"line":179,"column":0},"end":{"line":179,"column":49}},"179":{"start":{"line":180,"column":0},"end":{"line":180,"column":44}},"180":{"start":{"line":181,"column":0},"end":{"line":181,"column":13}},"181":{"start":{"line":182,"column":0},"end":{"line":182,"column":34}},"182":{"start":{"line":183,"column":0},"end":{"line":183,"column":27}},"183":{"start":{"line":184,"column":0},"end":{"line":184,"column":25}},"184":{"start":{"line":185,"column":0},"end":{"line":185,"column":82}},"185":{"start":{"line":186,"column":0},"end":{"line":186,"column":37}},"186":{"start":{"line":187,"column":0},"end":{"line":187,"column":62}},"187":{"start":{"line":188,"column":0},"end":{"line":188,"column":18}},"188":{"start":{"line":189,"column":0},"end":{"line":189,"column":30}},"189":{"start":{"line":190,"column":0},"end":{"line":190,"column":13}},"190":{"start":{"line":191,"column":0},"end":{"line":191,"column":9}},"191":{"start":{"line":192,"column":0},"end":{"line":192,"column":7}},"192":{"start":{"line":193,"column":0},"end":{"line":193,"column":5}},"193":{"start":{"line":194,"column":0},"end":{"line":194,"column":0}},"194":{"start":{"line":195,"column":0},"end":{"line":195,"column":29}},"195":{"start":{"line":196,"column":0},"end":{"line":196,"column":51}},"196":{"start":{"line":197,"column":0},"end":{"line":197,"column":11}},"197":{"start":{"line":198,"column":0},"end":{"line":198,"column":32}},"198":{"start":{"line":199,"column":0},"end":{"line":199,"column":25}},"199":{"start":{"line":200,"column":0},"end":{"line":200,"column":23}},"200":{"start":{"line":201,"column":0},"end":{"line":201,"column":89}},"201":{"start":{"line":202,"column":0},"end":{"line":202,"column":7}},"202":{"start":{"line":203,"column":0},"end":{"line":203,"column":5}},"203":{"start":{"line":204,"column":0},"end":{"line":204,"column":0}},"204":{"start":{"line":205,"column":0},"end":{"line":205,"column":30}},"205":{"start":{"line":206,"column":0},"end":{"line":206,"column":3}},"206":{"start":{"line":207,"column":0},"end":{"line":207,"column":0}},"207":{"start":{"line":208,"column":0},"end":{"line":208,"column":5}},"208":{"start":{"line":209,"column":0},"end":{"line":209,"column":42}},"209":{"start":{"line":210,"column":0},"end":{"line":210,"column":41}},"210":{"start":{"line":211,"column":0},"end":{"line":211,"column":46}},"211":{"start":{"line":212,"column":0},"end":{"line":212,"column":38}},"212":{"start":{"line":213,"column":0},"end":{"line":213,"column":5}},"213":{"start":{"line":214,"column":0},"end":{"line":214,"column":85}},"214":{"start":{"line":215,"column":0},"end":{"line":215,"column":45}},"215":{"start":{"line":216,"column":0},"end":{"line":216,"column":48}},"216":{"start":{"line":217,"column":0},"end":{"line":217,"column":0}},"217":{"start":{"line":218,"column":0},"end":{"line":218,"column":59}},"218":{"start":{"line":219,"column":0},"end":{"line":219,"column":24}},"219":{"start":{"line":220,"column":0},"end":{"line":220,"column":34}},"220":{"start":{"line":221,"column":0},"end":{"line":221,"column":9}},"221":{"start":{"line":222,"column":0},"end":{"line":222,"column":44}},"222":{"start":{"line":223,"column":0},"end":{"line":223,"column":9}},"223":{"start":{"line":224,"column":0},"end":{"line":224,"column":0}},"224":{"start":{"line":225,"column":0},"end":{"line":225,"column":20}},"225":{"start":{"line":226,"column":0},"end":{"line":226,"column":38}},"226":{"start":{"line":227,"column":0},"end":{"line":227,"column":24}},"227":{"start":{"line":228,"column":0},"end":{"line":228,"column":84}},"228":{"start":{"line":229,"column":0},"end":{"line":229,"column":20}},"229":{"start":{"line":230,"column":0},"end":{"line":230,"column":7}},"230":{"start":{"line":231,"column":0},"end":{"line":231,"column":7}},"231":{"start":{"line":232,"column":0},"end":{"line":232,"column":3}},"232":{"start":{"line":233,"column":0},"end":{"line":233,"column":0}},"233":{"start":{"line":234,"column":0},"end":{"line":234,"column":5}},"234":{"start":{"line":235,"column":0},"end":{"line":235,"column":42}},"235":{"start":{"line":236,"column":0},"end":{"line":236,"column":48}},"236":{"start":{"line":237,"column":0},"end":{"line":237,"column":5}},"237":{"start":{"line":238,"column":0},"end":{"line":238,"column":42}},"238":{"start":{"line":239,"column":0},"end":{"line":239,"column":43}},"239":{"start":{"line":240,"column":0},"end":{"line":240,"column":69}},"240":{"start":{"line":241,"column":0},"end":{"line":241,"column":5}},"241":{"start":{"line":242,"column":0},"end":{"line":242,"column":37}},"242":{"start":{"line":243,"column":0},"end":{"line":243,"column":3}},"243":{"start":{"line":244,"column":0},"end":{"line":244,"column":0}},"244":{"start":{"line":245,"column":0},"end":{"line":245,"column":5}},"245":{"start":{"line":246,"column":0},"end":{"line":246,"column":36}},"246":{"start":{"line":247,"column":0},"end":{"line":247,"column":55}},"247":{"start":{"line":248,"column":0},"end":{"line":248,"column":50}},"248":{"start":{"line":249,"column":0},"end":{"line":249,"column":29}},"249":{"start":{"line":250,"column":0},"end":{"line":250,"column":5}},"250":{"start":{"line":251,"column":0},"end":{"line":251,"column":72}},"251":{"start":{"line":252,"column":0},"end":{"line":252,"column":36}},"252":{"start":{"line":253,"column":0},"end":{"line":253,"column":0}},"253":{"start":{"line":254,"column":0},"end":{"line":254,"column":20}},"254":{"start":{"line":255,"column":0},"end":{"line":255,"column":58}},"255":{"start":{"line":256,"column":0},"end":{"line":256,"column":5}},"256":{"start":{"line":257,"column":0},"end":{"line":257,"column":0}},"257":{"start":{"line":258,"column":0},"end":{"line":258,"column":35}},"258":{"start":{"line":259,"column":0},"end":{"line":259,"column":3}},"259":{"start":{"line":260,"column":0},"end":{"line":260,"column":0}},"260":{"start":{"line":261,"column":0},"end":{"line":261,"column":5}},"261":{"start":{"line":262,"column":0},"end":{"line":262,"column":32}},"262":{"start":{"line":263,"column":0},"end":{"line":263,"column":26}},"263":{"start":{"line":264,"column":0},"end":{"line":264,"column":5}},"264":{"start":{"line":265,"column":0},"end":{"line":265,"column":26}},"265":{"start":{"line":266,"column":0},"end":{"line":266,"column":12}},"266":{"start":{"line":267,"column":0},"end":{"line":267,"column":42}},"267":{"start":{"line":268,"column":0},"end":{"line":268,"column":48}},"268":{"start":{"line":269,"column":0},"end":{"line":269,"column":61}},"269":{"start":{"line":270,"column":0},"end":{"line":270,"column":36}},"270":{"start":{"line":271,"column":0},"end":{"line":271,"column":21}},"271":{"start":{"line":272,"column":0},"end":{"line":272,"column":51}},"272":{"start":{"line":273,"column":0},"end":{"line":273,"column":53}},"273":{"start":{"line":274,"column":0},"end":{"line":274,"column":69}},"274":{"start":{"line":275,"column":0},"end":{"line":275,"column":52}},"275":{"start":{"line":276,"column":0},"end":{"line":276,"column":6}},"276":{"start":{"line":277,"column":0},"end":{"line":277,"column":3}},"277":{"start":{"line":278,"column":0},"end":{"line":278,"column":0}},"278":{"start":{"line":279,"column":0},"end":{"line":279,"column":5}},"279":{"start":{"line":280,"column":0},"end":{"line":280,"column":43}},"280":{"start":{"line":281,"column":0},"end":{"line":281,"column":5}},"281":{"start":{"line":282,"column":0},"end":{"line":282,"column":17}},"282":{"start":{"line":283,"column":0},"end":{"line":283,"column":27}},"283":{"start":{"line":284,"column":0},"end":{"line":284,"column":35}},"284":{"start":{"line":285,"column":0},"end":{"line":285,"column":25}},"285":{"start":{"line":286,"column":0},"end":{"line":286,"column":54}},"286":{"start":{"line":287,"column":0},"end":{"line":287,"column":5}},"287":{"start":{"line":288,"column":0},"end":{"line":288,"column":3}},"288":{"start":{"line":289,"column":0},"end":{"line":289,"column":0}},"289":{"start":{"line":290,"column":0},"end":{"line":290,"column":5}},"290":{"start":{"line":291,"column":0},"end":{"line":291,"column":34}},"291":{"start":{"line":292,"column":0},"end":{"line":292,"column":5}},"292":{"start":{"line":293,"column":0},"end":{"line":293,"column":17}},"293":{"start":{"line":294,"column":0},"end":{"line":294,"column":27}},"294":{"start":{"line":295,"column":0},"end":{"line":295,"column":31}},"295":{"start":{"line":296,"column":0},"end":{"line":296,"column":35}},"296":{"start":{"line":297,"column":0},"end":{"line":297,"column":3}},"297":{"start":{"line":298,"column":0},"end":{"line":298,"column":0}},"298":{"start":{"line":299,"column":0},"end":{"line":299,"column":45}},"299":{"start":{"line":300,"column":0},"end":{"line":300,"column":20}},"300":{"start":{"line":301,"column":0},"end":{"line":301,"column":45}},"301":{"start":{"line":302,"column":0},"end":{"line":302,"column":0}},"302":{"start":{"line":303,"column":0},"end":{"line":303,"column":101}},"303":{"start":{"line":304,"column":0},"end":{"line":304,"column":53}},"304":{"start":{"line":305,"column":0},"end":{"line":305,"column":21}},"305":{"start":{"line":306,"column":0},"end":{"line":306,"column":39}},"306":{"start":{"line":307,"column":0},"end":{"line":307,"column":6}},"307":{"start":{"line":308,"column":0},"end":{"line":308,"column":23}},"308":{"start":{"line":309,"column":0},"end":{"line":309,"column":3}},"309":{"start":{"line":310,"column":0},"end":{"line":310,"column":0}},"310":{"start":{"line":311,"column":0},"end":{"line":311,"column":60}},"311":{"start":{"line":312,"column":0},"end":{"line":312,"column":51}},"312":{"start":{"line":313,"column":0},"end":{"line":313,"column":20}},"313":{"start":{"line":314,"column":0},"end":{"line":314,"column":13}},"314":{"start":{"line":315,"column":0},"end":{"line":315,"column":5}},"315":{"start":{"line":316,"column":0},"end":{"line":316,"column":0}},"316":{"start":{"line":317,"column":0},"end":{"line":317,"column":46}},"317":{"start":{"line":318,"column":0},"end":{"line":318,"column":63}},"318":{"start":{"line":319,"column":0},"end":{"line":319,"column":0}},"319":{"start":{"line":320,"column":0},"end":{"line":320,"column":58}},"320":{"start":{"line":321,"column":0},"end":{"line":321,"column":3}},"321":{"start":{"line":322,"column":0},"end":{"line":322,"column":0}},"322":{"start":{"line":323,"column":0},"end":{"line":323,"column":74}},"323":{"start":{"line":324,"column":0},"end":{"line":324,"column":54}},"324":{"start":{"line":325,"column":0},"end":{"line":325,"column":0}},"325":{"start":{"line":326,"column":0},"end":{"line":326,"column":47}},"326":{"start":{"line":327,"column":0},"end":{"line":327,"column":11}},"327":{"start":{"line":328,"column":0},"end":{"line":328,"column":38}},"328":{"start":{"line":329,"column":0},"end":{"line":329,"column":22}},"329":{"start":{"line":330,"column":0},"end":{"line":330,"column":9}},"330":{"start":{"line":331,"column":0},"end":{"line":331,"column":52}},"331":{"start":{"line":332,"column":0},"end":{"line":332,"column":38}},"332":{"start":{"line":333,"column":0},"end":{"line":333,"column":28}},"333":{"start":{"line":334,"column":0},"end":{"line":334,"column":22}},"334":{"start":{"line":335,"column":0},"end":{"line":335,"column":9}},"335":{"start":{"line":336,"column":0},"end":{"line":336,"column":23}},"336":{"start":{"line":337,"column":0},"end":{"line":337,"column":61}},"337":{"start":{"line":338,"column":0},"end":{"line":338,"column":7}},"338":{"start":{"line":339,"column":0},"end":{"line":339,"column":5}},"339":{"start":{"line":340,"column":0},"end":{"line":340,"column":0}},"340":{"start":{"line":341,"column":0},"end":{"line":341,"column":26}},"341":{"start":{"line":342,"column":0},"end":{"line":342,"column":3}},"342":{"start":{"line":343,"column":0},"end":{"line":343,"column":0}},"343":{"start":{"line":344,"column":0},"end":{"line":344,"column":54}},"344":{"start":{"line":345,"column":0},"end":{"line":345,"column":37}},"345":{"start":{"line":346,"column":0},"end":{"line":346,"column":57}},"346":{"start":{"line":347,"column":0},"end":{"line":347,"column":30}},"347":{"start":{"line":348,"column":0},"end":{"line":348,"column":5}},"348":{"start":{"line":349,"column":0},"end":{"line":349,"column":3}},"349":{"start":{"line":350,"column":0},"end":{"line":350,"column":1}},"350":{"start":{"line":351,"column":0},"end":{"line":351,"column":0}},"351":{"start":{"line":352,"column":0},"end":{"line":352,"column":24}}},"s":{"0":1,"1":1,"2":1,"3":1,"4":1,"5":1,"6":1,"7":1,"8":1,"9":1,"10":1,"11":1,"12":1,"13":1,"14":1,"15":1,"16":1,"17":1,"18":1,"19":1,"20":1,"21":1,"22":1,"23":1,"24":1,"25":1,"26":1,"27":1,"28":1,"29":1,"30":1,"31":1,"32":1,"33":1,"34":1,"35":1,"36":1,"37":1,"38":1,"39":1,"40":1,"41":122,"42":122,"43":122,"44":122,"45":122,"46":122,"47":122,"48":122,"49":122,"50":122,"51":122,"52":1,"53":1,"54":1,"55":1,"56":1,"57":1,"58":1,"59":1,"60":1,"61":110,"62":110,"63":110,"64":110,"65":110,"66":1,"67":1,"68":109,"69":109,"70":3,"71":106,"72":110,"73":110,"74":110,"75":3,"76":3,"77":109,"78":110,"79":5,"80":110,"81":104,"82":97,"83":97,"84":104,"85":104,"86":104,"87":104,"88":104,"89":3,"90":3,"91":104,"92":109,"93":110,"94":1,"95":1,"96":109,"97":109,"98":109,"99":110,"100":1,"101":1,"102":1,"103":1,"104":1,"105":1,"106":1,"107":7,"108":1,"109":1,"110":1,"111":0,"112":0,"113":7,"114":6,"115":6,"116":6,"117":5,"118":6,"119":1,"120":1,"121":6,"122":6,"123":7,"124":7,"125":0,"126":0,"127":7,"128":1,"129":1,"130":1,"131":1,"132":1,"133":1,"134":1,"135":1,"136":3,"137":3,"138":1,"139":1,"140":1,"141":1,"142":1,"143":1,"144":1,"145":1,"146":686,"147":686,"148":686,"149":686,"150":686,"151":686,"152":686,"153":686,"154":686,"155":686,"156":1,"157":1,"158":1,"159":685,"160":685,"161":685,"162":686,"163":686,"164":686,"165":686,"166":686,"167":686,"168":686,"169":0,"170":0,"171":685,"172":685,"173":685,"174":685,"175":685,"176":686,"177":39,"178":39,"179":39,"180":43,"181":43,"182":43,"183":43,"184":2,"185":2,"186":2,"187":2,"188":2,"189":2,"190":2,"191":43,"192":39,"193":685,"194":685,"195":686,"196":2,"197":2,"198":2,"199":2,"200":0,"201":0,"202":2,"203":685,"204":685,"205":686,"206":1,"207":1,"208":1,"209":1,"210":1,"211":1,"212":1,"213":1,"214":2,"215":2,"216":2,"217":2,"218":1,"219":0,"220":0,"221":1,"222":2,"223":2,"224":2,"225":1,"226":1,"227":1,"228":1,"229":1,"230":2,"231":2,"232":1,"233":1,"234":1,"235":1,"236":1,"237":1,"238":3,"239":1,"240":1,"241":2,"242":3,"243":1,"244":1,"245":1,"246":1,"247":1,"248":1,"249":1,"250":1,"251":6,"252":6,"253":6,"254":1,"255":1,"256":6,"257":6,"258":6,"259":1,"260":1,"261":1,"262":1,"263":1,"264":1,"265":4,"266":4,"267":4,"268":4,"269":4,"270":4,"271":4,"272":4,"273":4,"274":4,"275":4,"276":4,"277":1,"278":1,"279":1,"280":1,"281":1,"282":7,"283":7,"284":7,"285":0,"286":0,"287":7,"288":1,"289":1,"290":1,"291":1,"292":1,"293":1,"294":1,"295":1,"296":1,"297":1,"298":1,"299":1,"300":1,"301":1,"302":1,"303":3,"304":2,"305":2,"306":2,"307":3,"308":3,"309":1,"310":1,"311":3,"312":3,"313":0,"314":0,"315":3,"316":3,"317":3,"318":3,"319":3,"320":3,"321":1,"322":1,"323":686,"324":686,"325":686,"326":2,"327":2,"328":0,"329":0,"330":2,"331":2,"332":1,"333":1,"334":1,"335":2,"336":0,"337":0,"338":2,"339":685,"340":685,"341":686,"342":1,"343":1,"344":685,"345":685,"346":85,"347":85,"348":685,"349":1,"350":1,"351":1},"branchMap":{"0":{"type":"branch","line":41,"loc":{"start":{"line":41,"column":2},"end":{"line":52,"column":3}},"locations":[{"start":{"line":41,"column":2},"end":{"line":52,"column":3}}]},"1":{"type":"branch","line":45,"loc":{"start":{"line":45,"column":34},"end":{"line":45,"column":56}},"locations":[{"start":{"line":45,"column":34},"end":{"line":45,"column":56}}]},"2":{"type":"branch","line":46,"loc":{"start":{"line":46,"column":29},"end":{"line":46,"column":48}},"locations":[{"start":{"line":46,"column":29},"end":{"line":46,"column":48}}]},"3":{"type":"branch","line":61,"loc":{"start":{"line":61,"column":2},"end":{"line":100,"column":3}},"locations":[{"start":{"line":61,"column":2},"end":{"line":100,"column":3}}]},"4":{"type":"branch","line":66,"loc":{"start":{"line":66,"column":39},"end":{"line":68,"column":5}},"locations":[{"start":{"line":66,"column":39},"end":{"line":68,"column":5}}]},"5":{"type":"branch","line":68,"loc":{"start":{"line":68,"column":4},"end":{"line":70,"column":56}},"locations":[{"start":{"line":68,"column":4},"end":{"line":70,"column":56}}]},"6":{"type":"branch","line":70,"loc":{"start":{"line":70,"column":52},"end":{"line":71,"column":51}},"locations":[{"start":{"line":70,"column":52},"end":{"line":71,"column":51}}]},
[...]
3":1,"434":1,"435":5,"436":5,"437":5,"438":4,"439":4,"440":4,"441":4,"442":4,"443":4,"444":4,"445":4,"446":5,"447":0,"448":0,"449":5,"450":1,"451":1,"452":1,"453":5,"454":1,"455":1,"456":48,"457":48,"458":0,"459":0,"460":0,"461":48,"462":48,"463":1,"464":1,"465":12,"466":12,"467":12,"468":1,"469":1,"470":1},"branchMap":{"0":{"type":"branch","line":96,"loc":{"start":{"line":96,"column":2},"end":{"line":134,"column":3}},"locations":[{"start":{"line":96,"column":2},"end":{"line":134,"column":3}}]},"1":{"type":"branch","line":98,"loc":{"start":{"line":98,"column":24},"end":{"line":98,"column":43}},"locations":[{"start":{"line":98,"column":24},"end":{"line":98,"column":43}}]},"2":{"type":"branch","line":99,"loc":{"start":{"line":99,"column":24},"end":{"line":99,"column":43}},"locations":[{"start":{"line":99,"column":24},"end":{"line":99,"column":43}}]},"3":{"type":"branch","line":100,"loc":{"start":{"line":100,"column":27},"end":{"line":100,"column":45}},"locations":[{"start":{"line":100,"column":27},"end":{"line":100,"column":45}}]},"4":{"type":"branch","line":128,"loc":{"start":{"line":128,"column":31},"end":{"line":133,"column":5}},"locations":[{"start":{"line":128,"column":31},"end":{"line":133,"column":5}}]},"5":{"type":"branch","line":143,"loc":{"start":{"line":143,"column":2},"end":{"line":178,"column":3}},"locations":[{"start":{"line":143,"column":2},"end":{"line":178,"column":3}}]},"6":{"type":"branch","line":144,"loc":{"start":{"line":144,"column":28},"end":{"line":147,"column":5}},"locations":[{"start":{"line":144,"column":28},"end":{"line":147,"column":5}}]},"7":{"type":"branch","line":147,"loc":{"start":{"line":147,"column":4},"end":{"line":153,"column":43}},"locations":[{"start":{"line":147,"column":4},"end":{"line":153,"column":43}}]},"8":{"type":"branch","line":153,"loc":{"start":{"line":153,"column":43},"end":{"line":156,"column":7}},"locations":[{"start":{"line":153,"column":43},"end":{"line":156,"column":7}}]},"9":{"type":"branch","line":155,"loc":{"start":{"line":155,"column":43},"end":{"line":156,"column":7}},"locations":[{"start":{"line":155,"column":43},"end":{"line":156,"column":7}}]},"10":{"type":"branch","line":156,"loc":{"start":{"line":156,"column":6},"end":{"line":161,"column":33}},"locations":[{"start":{"line":156,"column":6},"end":{"line":161,"column":33}}]},"11":{"type":"branch","line":161,"loc":{"start":{"line":161,"column":33},"end":{"line":163,"column":7}},"locations":[{"start":{"line":161,"column":33},"end":{"line":163,"column":7}}]},"12":{"type":"branch","line":163,"loc":{"start":{"line":163,"column":6},"end":{"line":166,"column":33}},"locations":[{"start":{"line":163,"column":6},"end":{"line":166,"column":33}}]},"13":{"type":"branch","line":166,"loc":{"start":{"line":166,"column":33},"end":{"line":168,"column":7}},"locations":[{"start":{"line":166,"column":33},"end":{"line":168,"column":7}}]},"14":{"type":"branch","line":170,"loc":{"start":{"line":170,"column":4},"end":{"line":177,"column":5}},"locations":[{"start":{"line":170,"column":4},"end":{"line":177,"column":5}}]},"15":{"type":"branch","line":183,"loc":{"start":{"line":183,"column":2},"end":{"line":222,"column":3}},"locations":[{"start":{"line":183,"column":2},"end":{"line":222,"column":3}}]},"16":{"type":"branch","line":184,"loc":{"start":{"line":184,"column":29},"end":{"line":186,"column":5}},"locations":[{"start":{"line":184,"column":29},"end":{"line":186,"column":5}}]},"17":{"type":"branch","line":186,"loc":{"start":{"line":186,"column":4},"end":{"line":188,"column":24}},"locations":[{"start":{"line":186,"column":4},"end":{"line":188,"column":24}}]},"18":{"type":"branch","line":188,"loc":{"start":{"line":188,"column":24},"end":{"line":191,"column":5}},"locations":[{"start":{"line":188,"column":24},"end":{"line":191,"column":5}}]},"19":{"type":"branch","line":191,"loc":{"start":{"line":191,"column":4},"end":{"line":199,"column":43}},"locations":[{"start":{"line":191,"column":4},"end":{"line":199,"column":43}}]},"20":{"type":"branch","line":199,"loc":{"start":{"line":199,"column":43},"end":{"line":202,"column":7}},"locations":[{"start":{"line":199,"column":43},"end":{"line":202,"column":7}}]},"21":{"type":"branch","line":201,"loc":{"start":{"line":201,"column":44},"end":{"line":202,"column":7}},"locations":[{"start":{"line":201,"column":44},"end":{"line":202,"column":7}}]},"22":{"type":"branch","line":202,"loc":{"start":{"line":202,"column":6},"end":{"line":210,"column":33}},"locations":[{"start":{"line":202,"column":6},"end":{"line":210,"column":33}}]},"23":{"type":"branch","line":210,"loc":{"start":{"line":210,"column":33},"end":{"line":212,"column":7}},"locations":[{"start":{"line":210,"column":33},"end":{"line":212,"column":7}}]},"24":{"type":"branch","line":214,"loc":{"start":{"line":214,"column":4},"end":{"line":221,"column":5}},"locations":[{"start":{"line":214,"column":4},"end":{"line":221,"column":5}}]},"25":{"type":"branch","line":227,"loc":{"start":{"line":227,"column":2},"end":{"line":258,"column":3}},"locations":[{"start":{"line":227,"column":2},"end":{"line":258,"column":3}}]},"26":{"type":"branch","line":228,"loc":{"start":{"line":228,"column":25},"end":{"line":231,"column":5}},"locations":[{"start":{"line":228,"column":25},"end":{"line":231,"column":5}}]},"27":{"type":"branch","line":231,"loc":{"start":{"line":231,"column":4},"end":{"line":237,"column":61}},"locations":[{"start":{"line":231,"column":4},"end":{"line":237,"column":61}}]},"28":{"type":"branch","line":237,"loc":{"start":{"line":237,"column":61},"end":{"line":241,"column":7}},"locations":[{"start":{"line":237,"column":61},"end":{"line":241,"column":7}}]},"29":{"type":"branch","line":241,"loc":{"start":{"line":241,"column":6},"end":{"line":246,"column":33}},"locations":[{"start":{"line":241,"column":6},"end":{"line":246,"column":33}}]},"30":{"type":"branch","line":246,"loc":{"start":{"line":246,"column":33},"end":{"line":248,"column":7}},"locations":[{"start":{"line":246,"column":33},"end":{"line":248,"column":7}}]},"31":{"type":"branch","line":250,"loc":{"start":{"line":250,"column":4},"end":{"line":257,"column":5}},"locations":[{"start":{"line":250,"column":4},"end":{"line":257,"column":5}}]},"32":{"type":"branch","line":263,"loc":{"start":{"line":263,"column":2},"end":{"line":300,"column":3}},"locations":[{"start":{"line":263,"column":2},"end":{"line":300,"column":3}}]},"33":{"type":"branch","line":268,"loc":{"start":{"line":268,"column":26},"end":{"line":270,"column":7}},"locations":[{"start":{"line":268,"column":26},"end":{"line":270,"column":7}}]},"34":{"type":"branch","line":273,"loc":{"start":{"line":273,"column":61},"end":{"line":277,"column":7}},"locations":[{"start":{"line":273,"column":61},"end":{"line":277,"column":7}}]},"35":{"type":"branch","line":292,"loc":{"start":{"line":292,"column":33},"end":{"line":294,"column":7}},"locations":[{"start":{"line":292,"column":33},"end":{"line":294,"column":7}}]},"36":{"type":"branch","line":296,"loc":{"start":{"line":296,"column":4},"end":{"line":299,"column":5}},"locations":[{"start":{"line":296,"column":4},"end":{"line":299,"column":5}}]},"37":{"type":"branch","line":309,"loc":{"start":{"line":309,"column":2},"end":{"line":361,"column":3}},"locations":[{"start":{"line":309,"column":2},"end":{"line":361,"column":3}}]},"38":{"type":"branch","line":311,"loc":{"start":{"line":311,"column":33},"end":{"line":313,"column":5}},"locations":[{"start":{"line":311,"column":33},"end":{"line":313,"column":5}}]},"39":{"type":"branch","line":313,"loc":{"start":{"line":313,"column":4},"end":{"line":315,"column":39}},"locations":[{"start":{"line":313,"column":4},"end":{"line":315,"column":39}}]},"40":{"type":"branch","line":315,"loc":{"start":{"line":315,"column":39},"end":{"line":317,"column":5}},"locations":[{"start":{"line":315,"column":39},"end":{"line":317,"column":5}}]},"41":{"type":"branch","line":317,"loc":{"start":{"line":317,"column":4},"end":{"line":320,"column":43}},"locations":[{"start":{"line":317,"column":4},"end":{"line":320,"column":43}}]},"42":{"type":"branch","line":320,"loc":{"start":{"line":320,"column":43},"end":{"line":322,"column":5}},"locations":[{"start":{"line":320,"column":43},"end":{"line":322,"column":5}}]},"43":{"type":"branch","line":322,"loc":{"start":{"line":322,"column":4},"end":{"line":329,"column":41}},"locations":[{"start":{"line":322,"column":4},"end":{"line":329,"column":41}}]},"44":{"type":"branch","line":329,"loc":{"start":{"line":329,"column":29},"end":{"line":329,"column":43}},"locations":[{"start":{"line":329,"column":29},"end":{"line":329,"column":43}}]},"45":{"type":"branch","line":333,"loc":{"start":{"line":333,"column":54},"end":{"line":340,"column":5}},"locations":[{"start":{"line":333,"column":54},"end":{"line":340,"column":5}}]},"46":{"type":"branch","line":335,"loc":{"start":{"line":335,"column":37},"end":{"line":335,"column":54}},"locations":[{"start":{"line":335,"column":37},"end":{"line":335,"column":54}}]},"47":{"type":"branch","line":335,"loc":{"start":{"line":335,"column":54},"end":{"line":339,"column":7}},"locations":[{"start":{"line":335,"column":54},"end":{"line":339,"column":7}}]},"48":{"type":"branch","line":340,"loc":{"start":{"line":340,"column":4},"end":{"line":341,"column":19}},"locations":[{"start":{"line":340,"column":4},"end":{"line":341,"column":19}}]},"49":{"type":"branch","line":341,"loc":{"start":{"line":341,"column":19},"end":{"line":343,"column":5}},"locations":[{"start":{"line":341,"column":19},"end":{"line":343,"column":5}}]},"50":{"type":"branch","line":343,"loc":{"start":{"line":343,"column":4},"end":{"line":346,"column":24}},"locations":[{"start":{"line":343,"column":4},"end":{"line":346,"column":24}}]},"51":{"type":"branch","line":346,"loc":{"start":{"line":346,"column":24},"end":{"line":348,"column":5}},"locations":[{"start":{"line":346,"column":24},"end":{"line":348,"column":5}}]},"52":{"type":"branch","line":348,"loc":{"start":{"line":348,"column":4},"end":{"line":356,"column":31}},"locations":[{"start":{"line":348,"column":4},"end":{"line":356,"column":31}}]},"53":{"type":"branch","line":356,"loc":{"start":{"line":356,"column":31},"end":{"line":358,"column":5}},"locations":[{"start":{"line":356,"column":31},"end":{"line":358,"column":5}}]},"54":{"type":"branch","line":358,"loc":{"start":{"line":358,"column":4},"end":{"line":360,"column":32}},"locations":[{"start":{"line":358,"column":4},"end":{"line":360,"column":32}}]},"55":{"type":"branch","line":366,"loc":{"start":{"line":366,"column":2},"end":{"line":368,"column":3}},"locations":[{"start":{"line":366,"column":2},"end":{"line":368,"column":3}}]},"56":{"type":"branch","line":367,"loc":{"start":{"line":367,"column":32},"end":{"line":367,"column":42}},"locations":[{"start":{"line":367,"column":32},"end":{"line":367,"column":42}}]},"57":{"type":"branch","line":374,"loc":{"start":{"line":374,"column":2},"end":{"line":391,"column":3}},"locations":[{"start":{"line":374,"column":2},"end":{"line":391,"column":3}}]},"58":{"type":"branch","line":376,"loc":{"start":{"line":376,"column":28},"end":{"line":384,"column":33}},"locations":[{"start":{"line":376,"column":28},"end":{"line":384,"column":33}}]},"59":{"type":"branch","line":384,"loc":{"start":{"line":384,"column":33},"end":{"line":386,"column":7}},"locations":[{"start":{"line":384,"column":33},"end":{"line":386,"column":7}}]},"60":{"type":"branch","line":387,"loc":{"start":{"line":387,"column":4},"end":{"line":390,"column":5}},"locations":[{"start":{"line":387,"column":4},"end":{"line":390,"column":5}}]},"61":{"type":"branch","line":393,"loc":{"start":{"line":393,"column":2},"end":{"line":412,"column":3}},"locations":[{"start":{"line":393,"column":2},"end":{"line":412,"column":3}}]},"62":{"type":"branch","line":395,"loc":{"start":{"line":395,"column":24},"end":{"line":405,"column":33}},"locations":[{"start":{"line":395,"column":24},"end":{"line":405,"column":33}}]},"63":{"type":"branch","line":396,"loc":{"start":{"line":396,"column":27},"end":{"line":397,"column":7}},"locations":[{"start":{"line":396,"column":27},"end":{"line":397,"column":7}}]},"64":{"type":"branch","line":405,"loc":{"start":{"line":405,"column":33},"end":{"line":407,"column":7}},"locations":[{"start":{"line":405,"column":33},"end":{"line":407,"column":7}}]},"65":{"type":"branch","line":408,"loc":{"start":{"line":408,"column":4},"end":{"line":411,"column":5}},"locations":[{"start":{"line":408,"column":4},"end":{"line":411,"column":5}}]},"66":{"type":"branch","line":414,"loc":{"start":{"line":414,"column":2},"end":{"line":433,"column":3}},"locations":[{"start":{"line":414,"column":2},"end":{"line":433,"column":3}}]},"67":{"type":"branch","line":426,"loc":{"start":{"line":426,"column":33},"end":{"line":428,"column":7}},"locations":[{"start":{"line":426,"column":33},"end":{"line":428,"column":7}}]},"68":{"type":"branch","line":429,"loc":{"start":{"line":429,"column":4},"end":{"line":432,"column":5}},"locations":[{"start":{"line":429,"column":4},"end":{"line":432,"column":5}}]},"69":{"type":"branch","line":435,"loc":{"start":{"line":435,"column":2},"end":{"line":454,"column":3}},"locations":[{"start":{"line":435,"column":2},"end":{"line":454,"column":3}}]},"70":{"type":"branch","line":438,"loc":{"start":{"line":438,"column":29},"end":{"line":447,"column":33}},"locations":[{"start":{"line":438,"column":29},"end":{"line":447,"column":33}}]},"71":{"type":"branch","line":447,"loc":{"start":{"line":447,"column":33},"end":{"line":449,"column":7}},"locations":[{"start":{"line":447,"column":33},"end":{"line":449,"column":7}}]},"72":{"type":"branch","line":450,"loc":{"start":{"line":450,"column":4},"end":{"line":453,"column":5}},"locations":[{"start":{"line":450,"column":4},"end":{"line":453,"column":5}}]},"73":{"type":"branch","line":456,"loc":{"start":{"line":456,"column":10},"end":{"line":463,"column":3}},"locations":[{"start":{"line":456,"column":10},"end":{"line":463,"column":3}}]},"74":{"type":"branch","line":465,"loc":{"start":{"line":465,"column":10},"end":{"line":468,"column":3}},"locations":[{"start":{"line":465,"column":10},"end":{"line":468,"column":3}}]}},"b":{"0":[48],"1":[47],"2":[47],"3":[47],"4":[1],"5":[31],"6":[1],"7":[30],"8":[25],"9":[24],"10":[29],"11":[0],"12":[29],"13":[1],"14":[1],"15":[15],"16":[1],"17":[14],"18":[1],"19":[13],"20":[7],"21":[6],"22":[12],"23":[0],"24":[1],"25":[6],"26":[1],"27":[5],"28":[3],"29":[5],"30":[0],"31":[0],"32":[6],"33":[2],"34":[5],"35":[0],"36":[0],"37":[38],"38":[1],"39":[37],"40":[1],"41":[36],"42":[1],"43":[35],"44":[29],"45":[12],"46":[6],"47":[4],"48":[35],"49":[31],"50":[35],"51":[1],"52":[35],"53":[0],"54":[35],"55":[5],"56":[1],"57":[25],"58":[24],"59":[0],"60":[1],"61":[7],"62":[6],"63":[5],"64":[0],"65":[1],"66":[3],"67":[0],"68":[0],"69":[5],"70":[4],"71":[0],"72":[1],"73":[48],"74":[12]},"fnMap":{"0":{"name":"NavigatorCore","decl":{"start":{"line":96,"column":2},"end":{"line":134,"column":3}},"loc":{"start":{"line":96,"column":2},"end":{"line":134,"column":3}},"line":96},"1":{"name":"init","decl":{"start":{"line":143,"column":2},"end":{"line":178,"column":3}},"loc":{"start":{"line":143,"column":2},"end":{"line":178,"column":3}},"line":143},"2":{"name":"start","decl":{"start":{"line":183,"column":2},"end":{"line":222,"column":3}},"loc":{"start":{"line":183,"column":2},"end":{"line":222,"column":3}},"line":183},"3":{"name":"stop","decl":{"start":{"line":227,"column":2},"end":{"line":258,"column":3}},"loc":{"start":{"line":227,"column":2},"end":{"line":258,"column":3}},"line":227},"4":{"name":"destroy","decl":{"start":{"line":263,"column":2},"end":{"line":300,"column":3}},"loc":{"start":{"line":263,"column":2},"end":{"line":300,"column":3}},"line":263},"5":{"name":"registerPlugin","decl":{"start":{"line":309,"column":2},"end":{"line":361,"column":3}},"loc":{"start":{"line":309,"column":2},"end":{"line":361,"column":3}},"line":309},"6":{"name":"getPlugin","decl":{"start":{"line":366,"column":2},"end":{"line":368,"column":3}},"loc":{"start":{"line":366,"column":2},"end":{"line":368,"column":3}},"line":366},"7":{"name":"_initPlugin","decl":{"start":{"line":374,"column":2},"end":{"line":391,"column":3}},"loc":{"start":{"line":374,"column":2},"end":{"line":391,"column":3}},"line":374},"8":{"name":"_startPlugin","decl":{"start":{"line":393,"column":2},"end":{"line":412,"column":3}},"loc":{"start":{"line":393,"column":2},"end":{"line":412,"column":3}},"line":393},"9":{"name":"_stopPlugin","decl":{"start":{"line":414,"column":2},"end":{"line":433,"column":3}},"loc":{"start":{"line":414,"column":2},"end":{"line":433,"column":3}},"line":414},"10":{"name":"_destroyPlugin","decl":{"start":{"line":435,"column":2},"end":{"line":454,"column":3}},"loc":{"start":{"line":435,"column":2},"end":{"line":454,"column":3}},"line":435},"11":{"name":"_setupCoreListeners","decl":{"start":{"line":456,"column":10},"end":{"line":463,"column":3}},"loc":{"start":{"line":456,"column":10},"end":{"line":463,"column":3}},"line":456},"12":{"name":"_startPerformanceMonitoring","decl":{"start":{"line":465,"column":10},"end":{"line":468,"column":3}},"loc":{"start":{"line":465,"column":10},"end":{"line":468,"column":3}},"line":465}},"f":{"0":48,"1":31,"2":15,"3":6,"4":6,"5":38,"6":5,"7":25,"8":7,"9":3,"10":5,"11":48,"12":12}}
,"/Users/fab/GitHub/navigator/packages/core/src/index.ts": {"path":"/Users/fab/GitHub/navigator/packages/core/src/index.ts","all":true,"statementMap":{"0":{"start":{"line":1,"column":0},"end":{"line":1,"column":3}},"1":{"start":{"line":2,"column":0},"end":{"line":2,"column":23}},"2":{"start":{"line":3,"column":0},"end":{"line":3,"column":3}},"3":{"start":{"line":4,"column":0},"end":{"line":4,"column":47}},"4":{"start":{"line":5,"column":0},"end":{"line":5,"column":3}},"5":{"start":{"line":6,"column":0},"end":{"line":6,"column":31}},"6":{"start":{"line":7,"column":0},"end":{"line":7,"column":3}},"7":{"start":{"line":8,"column":0},"end":{"line":8,"column":0}},"8":{"start":{"line":9,"column":0},"end":{"line":9,"column":38}},"9":{"start":{"line":10,"column":0},"end":{"line":10,"column":38}},"10":{"start":{"line":11,"column":0},"end":{"line":11,"column":48}},"11":{"start":{"line":12,"column":0},"end":{"line":12,"column":13}},"12":{"start":{"line":13,"column":0},"end":{"line":13,"column":17}},"13":{"start":{"line":14,"column":0},"end":{"line":14,"column":15}},"14":{"start":{"line":15,"column":0},"end":{"line":15,"column":18}},"15":{"start":{"line":16,"column":0},"end":{"line":16,"column":22}},"16":{"start":{"line":17,"column":0},"end":{"line":17,"column":22}},"17":{"start":{"line":18,"column":0},"end":{"line":18,"column":18}},"18":{"start":{"line":19,"column":0},"end":{"line":19,"column":12}},"19":{"start":{"line":20,"column":0},"end":{"line":20,"column":17}},"20":{"start":{"line":21,"column":0},"end":{"line":21,"column":13}},"21":{"start":{"line":22,"column":0},"end":{"line":22,"column":17}},"22":{"start":{"line":23,"column":0},"end":{"line":23,"column":21}},"23":{"start":{"line":24,"column":0},"end":{"line":24,"column":13}},"24":{"start":{"line":25,"column":0},"end":{"line":25,"column":20}},"25":{"start":{"line":26,"column":0},"end":{"line":26,"column":13}},"26":{"start":{"line":27,"column":0},"end":{"line":27,"column":22}},"27":{"start":{"line":28,"column":0},"end":{"line":28,"column":19}},"28":{"start":{"line":29,"column":0},"end":{"line":29,"column":15}},"29":{"start":{"line":30,"column":0},"end":{"line":30,"column":25}}},"s":{"0":0,"1":0,"2":0,"3":0,"4":0,"5":0,"6":0,"7":0,"8":0,"9":0,"10":0,"11":0,"12":0,"13":0,"14":0,"15":0,"16":0,"17":0,"18":0,"19":0,"20":0,"21":0,"22":0,"23":0,"24":0,"25":0,"26":0,"27":0,"28":0,"29":0},"branchMap":{"0":{"type":"branch","line":1,"loc":{"start":{"line":1,"column":598},"end":{"line":30,"column":25}},"locations":[{"start":{"line":1,"column":598},"end":{"line":30,"column":25}}]}},"b":{"0":[0]},"fnMap":{"0":{"name":"(empty-report)","decl":{"start":{"line":1,"column":598},"end":{"line":30,"column":25}},"loc":{"start":{"line":1,"column":598},"end":{"line":30,"column":25}},"line":1}},"f":{"0":0}}
}
